xrun: 22.09-s010: (c) Copyright 1995-2023 Cadence Design Systems, Inc.
TOOL:	xrun	22.09-s010: Started on Mar 12, 2025 at 21:06:03 EDT
xrun
	-f filelist.txt
		memory.v
		memory_test.v
	-access rwc
file: memory.v
	module worklib.memory:v
		errors: 0, warnings: 0
file: memory_test.v
	module worklib.memory_test:v
		errors: 0, warnings: 0
		Caching library 'worklib' ....... Done
	Elaborating the design hierarchy:
	Top level design units:
		memory_test
	Building instance overlay tables: ..........
      $timeformat(-9, 0,"ns", 4);
                |
xmelab: *W,NOMDTS (./memory_test.v,38|16): No module timescale, $timeformat ignored.
.......... Done
	Generating native compiled code:
		worklib.memory:v <0x62355750>
			streams:   2, words:   518
		worklib.memory_test:v <0x02e99c9b>
			streams:   9, words:  8708
	Building instance specific data structures.
	Loading native compiled code:     .................... Done
	Design hierarchy summary:
		              Instances  Unique
		Modules:              2       2
		Resolved nets:        0       1
		Registers:           13      13
		Scalar wires:         3       -
		Vectored wires:       4       -
		Always blocks:        1       1
		Initial blocks:       2       2
		Cont. assignments:    1       2
		Pseudo assignments:   4       4
	Writing initial simulation snapshot: worklib.memory_test:v
Loading snapshot worklib.memory_test:v .................... Done
xcelium> source /software/commercial/cadence/XCELIUM2209/tools/xcelium/files/xmsimrc
xcelium> run
                 330 addr=11111, exp_data= 00000000, data=00000000
                 340 addr=11110, exp_data= 00000001, data=00000001
                 350 addr=11101, exp_data= 00000010, data=00000010
                 360 addr=11100, exp_data= 00000011, data=00000011
                 370 addr=11011, exp_data= 00000100, data=00000100
                 380 addr=11010, exp_data= 00000101, data=00000101
                 390 addr=11001, exp_data= 00000110, data=00000110
                 400 addr=11000, exp_data= 00000111, data=00000111
                 410 addr=10111, exp_data= 00001000, data=00001000
                 420 addr=10110, exp_data= 00001001, data=00001001
                 430 addr=10101, exp_data= 00001010, data=00001010
                 440 addr=10100, exp_data= 00001011, data=00001011
                 450 addr=10011, exp_data= 00001100, data=00001100
                 460 addr=10010, exp_data= 00001101, data=00001101
                 470 addr=10001, exp_data= 00001110, data=00001110
                 480 addr=10000, exp_data= 00001111, data=00001111
                 490 addr=01111, exp_data= 00010000, data=00010000
                 500 addr=01110, exp_data= 00010001, data=00010001
                 510 addr=01101, exp_data= 00010010, data=00010010
                 520 addr=01100, exp_data= 00010011, data=00010011
                 530 addr=01011, exp_data= 00010100, data=00010100
                 540 addr=01010, exp_data= 00010101, data=00010101
                 550 addr=01001, exp_data= 00010110, data=00010110
                 560 addr=01000, exp_data= 00010111, data=00010111
                 570 addr=00111, exp_data= 00011000, data=00011000
                 580 addr=00110, exp_data= 00011001, data=00011001
                 590 addr=00101, exp_data= 00011010, data=00011010
                 600 addr=00100, exp_data= 00011011, data=00011011
                 610 addr=00011, exp_data= 00011100, data=00011100
                 620 addr=00010, exp_data= 00011101, data=00011101
                 630 addr=00001, exp_data= 00011110, data=00011110
TEST PASSED
Simulation complete via $finish(1) at time 630 NS + 0
./memory_test.v:87     $finish;
xcelium> exit
TOOL:	xrun	22.09-s010: Exiting on Mar 12, 2025 at 21:06:05 EDT  (total: 00:00:02)
