1;Elaboration: Begin;0.273;0.273;total: CPU Usage - 0.1s system + 0.2s user = 0.3s total (42.0% cpu);0.650391;72172.000;396060.000;72172.000;396060.000;
2;after processing tops;0.002;0.005;total: CPU Usage - 0.1s system + 0.2s user = 0.3s total (42.0% cpu);0.655175;75600.000;403836.000;75600.000;403836.000;
3;after ie_set_snapshots;0.000;0.004;total: CPU Usage - 0.1s system + 0.2s user = 0.3s total (41.9% cpu);0.658876;75600.000;403836.000;75600.000;403836.000;
4;after ie_find_and_connect_class_specs_of_this_snapshot;0.000;0.002;total: CPU Usage - 0.1s system + 0.2s user = 0.3s total (41.7% cpu);0.661307;75600.000;403836.000;75600.000;403836.000;
5;After reading VHDL CODS;0.001;0.003;total: CPU Usage - 0.1s system + 0.2s user = 0.3s total (41.7% cpu);0.664820;75600.000;403836.000;75600.000;403836.000;
6;After cod_wadrelocate;0.000;0.002;total: CPU Usage - 0.1s system + 0.2s user = 0.3s total (41.6% cpu);0.667289;75600.000;404352.000;75600.000;404352.000;
7;after VHDL call;0.000;0.002;total: CPU Usage - 0.1s system + 0.2s user = 0.3s total (41.5% cpu);0.669484;75600.000;404352.000;75600.000;404352.000;
8;after cu_pelab;0.000;0.002;total: CPU Usage - 0.1s system + 0.2s user = 0.3s total (41.4% cpu);0.671760;75600.000;404352.000;75600.000;404352.000;
9;after dump_and_clean_top_units;1.797;1.810;total: CPU Usage - 0.1s system + 2.0s user = 2.1s total (83.6% cpu);2.481558;125136.000;451048.000;125136.000;451048.000;
10;after cu_dobuild_dynamichierarchy;0.000;0.003;total: CPU Usage - 0.1s system + 2.0s user = 2.1s total (83.5% cpu);2.484923;125208.000;451048.000;125208.000;451048.000;
11;jupiter cb_start;0.000;0.003;total: CPU Usage - 0.1s system + 2.0s user = 2.1s total (83.4% cpu);2.488244;125208.000;451048.000;125208.000;451048.000;
12;jupiter cb_start cb end;0.188;0.257;total: CPU Usage - 0.1s system + 2.1s user = 2.3s total (82.5% cpu);2.745076;127412.000;461492.000;127412.000;461492.000;
13;after instantiating;0.000;0.003;total: CPU Usage - 0.1s system + 2.1s user = 2.3s total (82.4% cpu);2.747797;127412.000;461492.000;127412.000;461492.000;
14;after params and const exps;0.032;0.035;total: CPU Usage - 0.1s system + 2.2s user = 2.3s total (82.5% cpu);2.782461;127824.000;461492.000;127824.000;461492.000;
15;after aoi;0.002;0.005;total: CPU Usage - 0.1s system + 2.2s user = 2.3s total (82.5% cpu);2.787336;129544.000;461492.000;129544.000;461492.000;
16;before ABV synthetic module creation;0.000;0.003;total: CPU Usage - 0.1s system + 2.2s user = 2.3s total (82.4% cpu);2.790540;129544.000;461492.000;129544.000;461492.000;
17;after ABV synthetic module creation;0.057;0.060;total: CPU Usage - 0.1s system + 2.2s user = 2.4s total (82.7% cpu);2.850702;129616.000;461492.000;129616.000;461492.000;
18;before last chance ces;0.000;0.003;total: CPU Usage - 0.1s system + 2.2s user = 2.4s total (82.6% cpu);2.853436;129616.000;461492.000;129616.000;461492.000;
19;before ams_inhConn_evaluate;0.000;0.002;total: CPU Usage - 0.1s system + 2.2s user = 2.4s total (82.5% cpu);2.856024;129616.000;461492.000;129616.000;461492.000;
20;after ams_inhConn_evaluate;0.000;0.002;total: CPU Usage - 0.1s system + 2.2s user = 2.4s total (82.5% cpu);2.858573;129616.000;461492.000;129616.000;461492.000;
21;before cu_graph;0.001;0.005;total: CPU Usage - 0.1s system + 2.2s user = 2.4s total (82.4% cpu);2.863568;129520.000;461296.000;129680.000;461492.000;
22;cu_graph after init;0.000;0.002;total: CPU Usage - 0.1s system + 2.2s user = 2.4s total (82.3% cpu);2.866005;129652.000;462844.000;129680.000;462844.000;
23;cu_graph: after subp_opt;0.005;0.007;total: CPU Usage - 0.1s system + 2.2s user = 2.4s total (82.3% cpu);2.873272;129652.000;462844.000;129680.000;462844.000;
24;cu_graph after refports;0.040;0.043;total: CPU Usage - 0.1s system + 2.3s user = 2.4s total (82.5% cpu);2.916043;136048.000;469540.000;136048.000;469540.000;
25;cu_graph after OOMRs;0.005;0.007;total: CPU Usage - 0.1s system + 2.3s user = 2.4s total (82.4% cpu);2.923719;136048.000;469540.000;136048.000;469540.000;
26;after cu_modport_port_graph;0.000;0.002;total: CPU Usage - 0.1s system + 2.3s user = 2.4s total (82.4% cpu);2.926210;136048.000;469540.000;136048.000;469540.000;
27;after cu_atstar_handler;0.069;0.072;total: CPU Usage - 0.1s system + 2.3s user = 2.5s total (82.7% cpu);2.998323;136048.000;469540.000;136048.000;469540.000;
28;after cu_graph;0.004;0.007;total: CPU Usage - 0.1s system + 2.3s user = 2.5s total (82.7% cpu);3.005608;136048.000;469540.000;136048.000;469540.000;
29;after cu_doaccess;0.507;0.511;total: CPU Usage - 0.1s system + 2.9s user = 3.0s total (85.1% cpu);3.517129;140320.000;472856.000;140320.000;472856.000;
30;after cu_dolms;0.652;0.657;total: CPU Usage - 0.1s system + 3.5s user = 3.6s total (87.3% cpu);4.174490;138796.000;471144.000;140320.000;472856.000;
31;after cu_dop2nlrefs;0.061;0.063;total: CPU Usage - 0.1s system + 3.6s user = 3.7s total (87.4% cpu);4.237626;138796.000;471144.000;140320.000;472856.000;
32;after cu_msie_process_boundary_connections;0.000;0.004;total: CPU Usage - 0.1s system + 3.6s user = 3.7s total (87.4% cpu);4.241464;138796.000;471144.000;140320.000;472856.000;
33;after cu_ic2_init;0.000;0.002;total: CPU Usage - 0.1s system + 3.6s user = 3.7s total (87.3% cpu);4.243887;138796.000;471144.000;140320.000;472856.000;
34;cu_doic1 after vpa_init_set_array;0.000;0.003;total: CPU Usage - 0.1s system + 3.6s user = 3.7s total (87.3% cpu);4.246639;138796.000;471144.000;140320.000;472856.000;
35;cu_doic1 after discipline prop;0.000;0.004;total: CPU Usage - 0.1s system + 3.6s user = 3.7s total (87.2% cpu);4.250675;138796.000;471144.000;140320.000;472856.000;
36;cu_doic1 after tops;3.695;3.715;total: CPU Usage - 0.2s system + 7.2s user = 7.4s total (92.9% cpu);7.965720;158492.000;489924.000;158492.000;489924.000;
37;cu_doic1 after SMI;0.000;0.003;total: CPU Usage - 0.2s system + 7.2s user = 7.4s total (92.9% cpu);7.968953;158492.000;489924.000;158492.000;489924.000;
38;cu_doic1 after conmi;0.000;0.002;total: CPU Usage - 0.2s system + 7.2s user = 7.4s total (92.9% cpu);7.971275;158492.000;489924.000;158492.000;489924.000;
39;cu_doic1 after sysc inst;0.000;0.002;total: CPU Usage - 0.2s system + 7.2s user = 7.4s total (92.8% cpu);7.973514;158492.000;489924.000;158492.000;489924.000;
40;cu_doic1 after post process alias ring;0.000;0.002;total: CPU Usage - 0.2s system + 7.2s user = 7.4s total (92.8% cpu);7.975732;158492.000;489924.000;158492.000;489924.000;
41;cu_doic1 after alias check;0.000;0.002;total: CPU Usage - 0.2s system + 7.2s user = 7.4s total (92.8% cpu);7.978328;158492.000;489924.000;158492.000;489924.000;
42;after cu_doic1 call;0.000;0.002;total: CPU Usage - 0.2s system + 7.2s user = 7.4s total (92.8% cpu);7.980164;158492.000;489924.000;158492.000;489924.000;
43;after cu_msie_add_boundary_port_conn_access;0.000;0.002;total: CPU Usage - 0.2s system + 7.2s user = 7.4s total (92.8% cpu);7.982113;158492.000;489924.000;158492.000;489924.000;
44;after cu_doic1;0.000;0.002;total: CPU Usage - 0.2s system + 7.2s user = 7.4s total (92.7% cpu);7.984349;158492.000;489924.000;158492.000;489924.000;
45;after cu_doic2;0.007;0.009;total: CPU Usage - 0.2s system + 7.3s user = 7.4s total (92.7% cpu);7.993853;158492.000;489924.000;158492.000;489924.000;
46;after tim_process islands;0.799;0.807;total: CPU Usage - 0.2s system + 8.1s user = 8.2s total (93.3% cpu);8.800552;159152.000;490440.000;159152.000;490440.000;
47;after tim_reduce islands;0.037;0.039;total: CPU Usage - 0.2s system + 8.1s user = 8.2s total (93.3% cpu);8.839733;159152.000;490440.000;159152.000;490440.000;
48;after sbl_freefirst;0.000;0.003;total: CPU Usage - 0.2s system + 8.1s user = 8.2s total (93.3% cpu);8.842787;159152.000;490440.000;159152.000;490440.000;
49;after sdfa2_annotation;0.000;0.002;total: CPU Usage - 0.2s system + 8.1s user = 8.2s total (93.3% cpu);8.845121;159152.000;490440.000;159152.000;490440.000;
50;after getting rid of tmp condition;0.000;0.002;total: CPU Usage - 0.2s system + 8.1s user = 8.2s total (93.2% cpu);8.847669;159152.000;490440.000;159152.000;490440.000;
51;after tim_filter islands;0.000;0.002;total: CPU Usage - 0.2s system + 8.1s user = 8.2s total (93.2% cpu);8.849752;159152.000;490440.000;159152.000;490440.000;
52;after ngtc_reduce islands;0.073;0.076;total: CPU Usage - 0.2s system + 8.2s user = 8.3s total (93.2% cpu);8.926085;159152.000;490440.000;159152.000;490440.000;
53;after sbl_finish_tchk_done;0.083;0.085;total: CPU Usage - 0.2s system + 8.2s user = 8.4s total (93.3% cpu);9.011760;160744.000;491560.000;160744.000;491560.000;
54;after tim_dotiming;0.000;0.003;total: CPU Usage - 0.2s system + 8.2s user = 8.4s total (93.2% cpu);9.015092;160744.000;491560.000;160744.000;491560.000;
55;before tim_do_postdtag;0.000;0.002;total: CPU Usage - 0.2s system + 8.2s user = 8.4s total (93.2% cpu);9.017319;160744.000;491560.000;160744.000;491560.000;
56;After interconnect verification;0.037;0.040;total: CPU Usage - 0.2s system + 8.3s user = 8.4s total (93.2% cpu);9.057337;160876.000;491044.000;160876.000;491560.000;
57;after tim_do_postdtag;0.000;0.002;total: CPU Usage - 0.2s system + 8.3s user = 8.4s total (93.2% cpu);9.059845;160876.000;491044.000;160876.000;491560.000;
58;before acg;0.000;0.002;total: CPU Usage - 0.2s system + 8.3s user = 8.4s total (93.2% cpu);9.062040;160876.000;491044.000;160876.000;491560.000;
59;after acg;0.000;0.002;total: CPU Usage - 0.2s system + 8.3s user = 8.4s total (93.2% cpu);9.064335;160876.000;491044.000;160876.000;491560.000;
60;before cu_docdreq;0.000;0.002;total: CPU Usage - 0.2s system + 8.3s user = 8.4s total (93.2% cpu);9.066278;160876.000;491044.000;160876.000;491560.000;
61;after cu_docdreq;0.000;0.002;total: CPU Usage - 0.2s system + 8.3s user = 8.4s total (93.1% cpu);9.068380;160876.000;491044.000;160876.000;491560.000;
62;after second cu_dop2nlrefs;0.000;0.002;total: CPU Usage - 0.2s system + 8.3s user = 8.4s total (93.1% cpu);9.070308;160876.000;491044.000;160876.000;491560.000;
63;before cu_optimize;0.000;0.002;total: CPU Usage - 0.2s system + 8.3s user = 8.4s total (93.1% cpu);9.072373;160876.000;491044.000;160876.000;491560.000;
64;after cu_optimize::cu_xoptimize;0.919;0.926;total: CPU Usage - 0.2s system + 9.2s user = 9.4s total (93.7% cpu);9.998290;161640.000;491340.000;161640.000;491560.000;
65;cu_tfinline_exit_analysis;0.000;0.003;total: CPU Usage - 0.2s system + 9.2s user = 9.4s total (93.7% cpu);10.001227;161640.000;491340.000;161640.000;491560.000;
66;after cu_optimize::cu_deadcode_processing;0.797;0.803;total: CPU Usage - 0.2s system + 10.0s user = 10.2s total (94.1% cpu);10.804679;163692.000;493160.000;163692.000;493160.000;
67;after cu_optimize::cu_optimize_pass2;0.248;0.252;total: CPU Usage - 0.2s system + 10.2s user = 10.4s total (94.2% cpu);11.056802;163732.000;493160.000;163732.000;493160.000;
68;after cu_optimize::cu_optimize_pass3;0.137;0.140;total: CPU Usage - 0.2s system + 10.4s user = 10.6s total (94.2% cpu);11.197449;163796.000;493160.000;163796.000;493160.000;
69;after cu_optimize::cu_optimize_cag;0.101;0.104;total: CPU Usage - 0.2s system + 10.5s user = 10.7s total (94.3% cpu);11.301926;164060.000;493836.000;164060.000;493836.000;
70;jupiter nacc_analysis;0.000;0.002;total: CPU Usage - 0.2s system + 10.5s user = 10.7s total (94.2% cpu);11.304589;164060.000;493836.000;164060.000;493836.000;
71;jupiter nacc_analysis end;0.825;0.840;total: CPU Usage - 0.2s system + 11.3s user = 11.5s total (94.5% cpu);12.145105;181340.000;509372.000;182860.000;511424.000;
72;after cu_optimize::cu_optimize_gates;0.475;0.481;total: CPU Usage - 0.2s system + 11.7s user = 12.0s total (94.7% cpu);12.626748;181404.000;509372.000;182860.000;511424.000;
73;after cu_optimize::cu_zoptimize;0.579;0.585;total: CPU Usage - 0.2s system + 12.3s user = 12.5s total (94.9% cpu);13.211986;181404.000;509372.000;182860.000;511424.000;
74;after cu_optimize::cu_post_optimize;0.146;0.152;total: CPU Usage - 0.2s system + 12.5s user = 12.7s total (94.9% cpu);13.363890;181404.000;509372.000;182860.000;511424.000;
75;after cu_optimize::cleanup;0.002;0.007;total: CPU Usage - 0.2s system + 12.5s user = 12.7s total (94.8% cpu);13.370902;165940.000;492672.000;182860.000;511424.000;
76;after cu_optimize;0.000;0.027;total: CPU Usage - 0.2s system + 12.5s user = 12.7s total (94.7% cpu);13.398431;165940.000;492672.000;182860.000;511424.000;
77;after cu_stan_analyzer_process;0.000;0.007;total: CPU Usage - 0.2s system + 12.5s user = 12.7s total (94.6% cpu);13.405674;165940.000;492672.000;182860.000;511424.000;
78;after third cu_dop2nlrefs;0.000;0.007;total: CPU Usage - 0.2s system + 12.5s user = 12.7s total (94.6% cpu);13.413004;165224.000;491956.000;182860.000;511424.000;
79;after gate_build_cdps;0.319;0.323;total: CPU Usage - 0.2s system + 12.8s user = 13.0s total (94.7% cpu);13.736557;165476.000;491956.000;182860.000;511424.000;
80;cu_do_ots: topological_sort;0.116;0.121;total: CPU Usage - 0.2s system + 12.9s user = 13.1s total (94.7% cpu);13.857992;165476.000;491956.000;182860.000;511424.000;
81;after cu_xdo_ots;1.826;1.849;total: CPU Usage - 0.2s system + 14.7s user = 14.9s total (95.1% cpu);15.706707;166340.000;491956.000;182860.000;511424.000;
82;after coverage instrumentation;0.000;0.003;total: CPU Usage - 0.2s system + 14.7s user = 14.9s total (95.1% cpu);15.709758;166340.000;491956.000;182860.000;511424.000;
83;jupiter start mcc code generation;0.002;0.019;total: CPU Usage - 0.2s system + 14.7s user = 14.9s total (95.0% cpu);15.728731;166340.000;491956.000;182860.000;511424.000;
84;jupiter finished mcc code generation;0.551;0.573;total: CPU Usage - 0.6s system + 14.9s user = 15.5s total (95.1% cpu);16.301862;166428.000;491956.000;182860.000;511424.000;
85;after jupiter_mcc_cg;0.000;0.003;total: CPU Usage - 0.6s system + 14.9s user = 15.5s total (95.1% cpu);16.304923;166428.000;491956.000;182860.000;511424.000;
86;after code generation;0.001;0.227;total: CPU Usage - 0.6s system + 14.9s user = 15.5s total (93.8% cpu);16.532245;166428.000;491956.000;182860.000;511424.000;
87;After reading VHDL CODS;0.001;0.004;total: CPU Usage - 0.6s system + 14.9s user = 15.5s total (93.7% cpu);16.536628;166428.000;491956.000;182860.000;511424.000;
88;After cod_wadrelocate;0.000;0.003;total: CPU Usage - 0.6s system + 14.9s user = 15.5s total (93.7% cpu);16.539331;166428.000;491956.000;182860.000;511424.000;
89;after VHDL call;0.000;0.003;total: CPU Usage - 0.6s system + 14.9s user = 15.5s total (93.7% cpu);16.542484;166428.000;491956.000;182860.000;511424.000;
90;after cu_pelab;0.000;0.003;total: CPU Usage - 0.6s system + 14.9s user = 15.5s total (93.7% cpu);16.545579;166428.000;491956.000;182860.000;511424.000;
91;after modport_port_do_ots_cleanup;0.000;0.003;total: CPU Usage - 0.6s system + 14.9s user = 15.5s total (93.7% cpu);16.548325;166456.000;491824.000;182860.000;511424.000;
92;after cu_do_ots;0.000;0.002;total: CPU Usage - 0.6s system + 14.9s user = 15.5s total (93.7% cpu);16.550493;166456.000;491824.000;182860.000;511424.000;
93;after cu_do_pibs;0.502;0.508;total: CPU Usage - 0.6s system + 15.4s user = 16.0s total (93.8% cpu);17.058331;165660.000;489256.000;182860.000;511424.000;
94;jupiter templates start;0.001;0.004;total: CPU Usage - 0.6s system + 15.4s user = 16.0s total (93.8% cpu);17.062148;165844.000;489256.000;182860.000;511424.000;
95;jupiter templates finished sbroot_find;0.077;0.086;total: CPU Usage - 0.6s system + 15.5s user = 16.1s total (93.8% cpu);17.147957;165844.000;489256.000;182860.000;511424.000;
96;jupiter templates start visitUDPTemplates;0.004;0.027;total: CPU Usage - 0.6s system + 15.5s user = 16.1s total (93.7% cpu);17.174759;166708.000;489760.000;182860.000;511424.000;
97;jupiter templates finish visitUDPTemplates;0.030;0.070;total: CPU Usage - 0.6s system + 15.5s user = 16.1s total (93.5% cpu);17.245184;168104.000;491000.000;182860.000;511424.000;
98;jupiter templates start visitSblockTemplates;0.000;0.003;total: CPU Usage - 0.6s system + 15.5s user = 16.1s total (93.5% cpu);17.248703;168104.000;491000.000;182860.000;511424.000;
99;jupiter template visitSblockTemplates;0.000;0.002;total: CPU Usage - 0.6s system + 15.5s user = 16.1s total (93.4% cpu);17.251302;168104.000;491000.000;182860.000;511424.000;
100;jupiter templates finished RTLTemplate cb;0.000;0.002;total: CPU Usage - 0.6s system + 15.5s user = 16.1s total (93.4% cpu);17.253628;168104.000;491000.000;182860.000;511424.000;
101;after ssl_elab_init;0.000;0.002;total: CPU Usage - 0.6s system + 15.5s user = 16.1s total (93.4% cpu);17.255735;168104.000;491000.000;182860.000;511424.000;
102;end of pass1;0.009;0.011;total: CPU Usage - 0.6s system + 15.5s user = 16.1s total (93.4% cpu);17.267270;120280.000;441428.000;182860.000;511424.000;
103;after cu_compute_driving_values;1.327;1.338;total: CPU Usage - 0.6s system + 16.8s user = 17.5s total (93.8% cpu);18.605265;147132.000;468860.000;182860.000;511424.000;
104;after time_install_ngtc;0.043;0.046;total: CPU Usage - 0.6s system + 16.9s user = 17.5s total (93.8% cpu);18.651852;147132.000;468860.000;182860.000;511424.000;
105;after cu_compute_effective_values;0.540;0.545;total: CPU Usage - 0.6s system + 17.4s user = 18.0s total (94.0% cpu);19.196849;147132.000;468860.000;182860.000;511424.000;
106;after cu_connect_network;0.003;0.006;total: CPU Usage - 0.6s system + 17.4s user = 18.0s total (94.0% cpu);19.202930;147132.000;468860.000;182860.000;511424.000;
107;after cubidi_process_bidi_networks;0.000;0.003;total: CPU Usage - 0.6s system + 17.4s user = 18.0s total (94.0% cpu);19.205644;147132.000;468860.000;182860.000;511424.000;
108;after tim_post_ev;0.000;0.003;total: CPU Usage - 0.6s system + 17.4s user = 18.0s total (93.9% cpu);19.208915;147132.000;468860.000;182860.000;511424.000;
109;after gate_fanin;0.441;0.446;total: CPU Usage - 0.7s system + 17.8s user = 18.5s total (94.1% cpu);19.654672;158896.000;481028.000;182860.000;511424.000;
110;after cu_optimize_network;0.000;0.003;total: CPU Usage - 0.7s system + 17.8s user = 18.5s total (94.0% cpu);19.657771;158896.000;481028.000;182860.000;511424.000;
111;after pass2_walk;0.137;0.141;total: CPU Usage - 0.7s system + 18.0s user = 18.6s total (94.1% cpu);19.798606;158896.000;481028.000;182860.000;511424.000;
112;after cuv_ewaitset;0.000;0.003;total: CPU Usage - 0.7s system + 18.0s user = 18.6s total (94.1% cpu);19.801617;158896.000;481028.000;182860.000;511424.000;
113;after cu_transfer_ca;0.000;0.003;total: CPU Usage - 0.7s system + 18.0s user = 18.6s total (94.0% cpu);19.804418;158896.000;481028.000;182860.000;511424.000;
114;jupiterapi starting export;0.005;0.007;total: CPU Usage - 0.7s system + 18.0s user = 18.6s total (94.0% cpu);19.812006;158896.000;481028.000;182860.000;511424.000;
115;jupiterapi finished fix_acc_nettmp;0.468;0.473;total: CPU Usage - 0.7s system + 18.4s user = 19.1s total (94.1% cpu);20.285127;164116.000;487824.000;182860.000;511424.000;
116;jupiterapi finished jupiterNcutilNaccer;0.000;0.003;total: CPU Usage - 0.7s system + 18.4s user = 19.1s total (94.1% cpu);20.288457;164256.000;487824.000;182860.000;511424.000;
117;jupiterapi finished visit_trans_nets;0.000;0.002;total: CPU Usage - 0.7s system + 18.4s user = 19.1s total (94.1% cpu);20.291156;164256.000;487824.000;182860.000;511424.000;
118;jupiterapi finished nettmp_set_acc_nacc;0.484;0.489;total: CPU Usage - 0.7s system + 18.9s user = 19.6s total (94.2% cpu);20.780670;165568.000;488064.000;182860.000;511424.000;
119;jupiterapi finished process_nacc_marked_signals;0.019;0.022;total: CPU Usage - 0.7s system + 18.9s user = 19.6s total (94.2% cpu);20.802974;165568.000;488064.000;182860.000;511424.000;
120;jupiterapi finished acg pdi walk;0.000;0.003;total: CPU Usage - 0.7s system + 18.9s user = 19.6s total (94.2% cpu);20.806233;165568.000;488064.000;182860.000;511424.000;
121;jupiterapi finished tim pdi walk;0.000;0.005;total: CPU Usage - 0.7s system + 18.9s user = 19.6s total (94.2% cpu);20.811188;165568.000;488064.000;182860.000;511424.000;
122;jupiterapi finished jupiter pdi walk;0.000;0.002;total: CPU Usage - 0.7s system + 18.9s user = 19.6s total (94.2% cpu);20.813727;165568.000;488064.000;182860.000;511424.000;
123;jupiterapi finished tcheck_to_nettmp_walk;0.000;0.003;total: CPU Usage - 0.7s system + 18.9s user = 19.6s total (94.2% cpu);20.817054;165568.000;488064.000;182860.000;511424.000;
124;jupiterapi finished check_tcheck_ngtc_signals;0.006;0.009;total: CPU Usage - 0.7s system + 18.9s user = 19.6s total (94.2% cpu);20.826231;165568.000;488064.000;182860.000;511424.000;
125;jupiterapi finished export_rtl;0.198;0.202;total: CPU Usage - 0.7s system + 19.1s user = 19.8s total (94.2% cpu);21.028757;165736.000;488064.000;182860.000;511424.000;
126;jupiterapi finished nacc_var_to_driver;0.019;0.022;total: CPU Usage - 0.7s system + 19.1s user = 19.8s total (94.2% cpu);21.050862;165736.000;488064.000;182860.000;511424.000;
127;jupiterapi finished nettmp_nacc_if_needed;0.015;0.019;total: CPU Usage - 0.7s system + 19.2s user = 19.8s total (94.2% cpu);21.069952;165736.000;488064.000;182860.000;511424.000;
128;jupiterapi finished nettmp_fix_pdi;0.006;0.010;total: CPU Usage - 0.7s system + 19.2s user = 19.8s total (94.2% cpu);21.079958;165736.000;488064.000;182860.000;511424.000;
129;jupiterapi finished fix_nacc_process;0.003;0.006;total: CPU Usage - 0.7s system + 19.2s user = 19.9s total (94.2% cpu);21.086709;165736.000;488064.000;182860.000;511424.000;
130;jupiterapi finished nacc_island_processes;0.659;0.665;total: CPU Usage - 0.7s system + 19.8s user = 20.5s total (94.3% cpu);21.752088;166032.000;488064.000;182860.000;511424.000;
131;jupiterapi finished nettmp_set_read_write;0.445;0.449;total: CPU Usage - 0.7s system + 20.3s user = 21.0s total (94.4% cpu);22.201995;166032.000;488064.000;182860.000;511424.000;
132;jupiterapi finished nettmp_multi_driver;0.041;0.044;total: CPU Usage - 0.7s system + 20.3s user = 21.0s total (94.4% cpu);22.246482;166032.000;488064.000;182860.000;511424.000;
133;jupiterapi finished fix_shared_map;0.014;0.016;total: CPU Usage - 0.7s system + 20.3s user = 21.0s total (94.4% cpu);22.263348;166032.000;488064.000;182860.000;511424.000;
134;waiting for MC code-gen to finish;0.069;0.072;total: CPU Usage - 0.7s system + 20.4s user = 21.1s total (94.4% cpu);22.336176;167084.000;491668.000;182860.000;511424.000;
135;MC code-gen is done;0.000;0.003;total: CPU Usage - 0.7s system + 20.4s user = 21.1s total (94.4% cpu);22.340092;167084.000;491668.000;182860.000;511424.000;
136;plugin_start;0.001;0.004;total: CPU Usage - 0.7s system + 20.4s user = 21.1s total (94.4% cpu);22.344422;167084.000;491668.000;182860.000;511424.000;
137;before sync with codegen_asm_bytecode_mcebuild;0.001;0.009;total: CPU Usage - 0.7s system + 20.4s user = 21.1s total (94.3% cpu);22.354123;167084.000;491668.000;182860.000;511424.000;
138;after codegen_asm_bytecode_mcebuild;0.000;0.712;total: CPU Usage - 0.7s system + 20.4s user = 21.1s total (91.4% cpu);23.066251;167084.000;491668.000;182860.000;511424.000;
139;splitting_start;0.033;0.055;total: CPU Usage - 0.7s system + 20.4s user = 21.1s total (91.3% cpu);23.121730;167644.000;492068.000;182860.000;511424.000;
140;jupiterapi graph start;0.002;1.029;total: CPU Usage - 0.7s system + 20.4s user = 21.1s total (87.5% cpu);24.151107;167892.000;492816.000;182860.000;511424.000;
141;jupiterapi post graph;0.515;0.521;total: CPU Usage - 0.7s system + 20.9s user = 21.6s total (87.7% cpu);24.672726;199880.000;524632.000;199880.000;524632.000;
142;splitting_end;0.056;0.068;total: CPU Usage - 0.7s system + 21.0s user = 21.7s total (87.7% cpu);24.741623;171552.000;525392.000;204328.000;531112.000;
143;create_splits_start;0.003;0.008;total: CPU Usage - 0.7s system + 21.0s user = 21.7s total (87.7% cpu);24.750133;171552.000;525392.000;204328.000;531112.000;
144;create_splits_end;3.590;3.670;total: CPU Usage - 0.9s system + 24.4s user = 25.3s total (89.0% cpu);28.419941;189508.000;675464.000;358012.000;685784.000;
145;plugin_end;0.004;0.046;total: CPU Usage - 0.9s system + 24.4s user = 25.3s total (88.8% cpu);28.466306;187116.000;671364.000;358012.000;685784.000;
146;jupiterapi finished doACCNACC;0.000;0.004;total: CPU Usage - 0.9s system + 24.4s user = 25.3s total (88.8% cpu);28.470696;187116.000;671364.000;358012.000;685784.000;
147;jupiterapi finished jup_clean_aca_drp;0.006;0.011;total: CPU Usage - 0.9s system + 24.4s user = 25.3s total (88.8% cpu);28.481454;187116.000;671364.000;358012.000;685784.000;
148;jupiterapi finished tcheck_cleansbroot;0.006;0.010;total: CPU Usage - 0.9s system + 24.4s user = 25.3s total (88.8% cpu);28.491404;187116.000;671364.000;358012.000;685784.000;
149;jupiterapi finished tim_clean_jup_sbroots;0.000;0.003;total: CPU Usage - 0.9s system + 24.4s user = 25.3s total (88.8% cpu);28.494949;187116.000;671364.000;358012.000;685784.000;
150;jupiterapi finished tim_clean_jup_inputsense_methods;0.000;0.003;total: CPU Usage - 0.9s system + 24.4s user = 25.3s total (88.8% cpu);28.498403;187116.000;671364.000;358012.000;685784.000;
151;jupiterapi finished jupiter_comm_perm;0.001;0.003;total: CPU Usage - 0.9s system + 24.4s user = 25.3s total (88.8% cpu);28.501701;187116.000;671364.000;358012.000;685784.000;
152;jupiterapi finished fix_drivers;0.015;0.018;total: CPU Usage - 0.9s system + 24.4s user = 25.3s total (88.8% cpu);28.519553;187116.000;671364.000;358012.000;685784.000;
153;jupiterapi finished acc_away_net;0.126;0.130;total: CPU Usage - 0.9s system + 24.6s user = 25.4s total (88.8% cpu);28.650289;196024.000;671364.000;358012.000;685784.000;
154;jupiterapi finished acc_away_gate;0.006;0.009;total: CPU Usage - 0.9s system + 24.6s user = 25.5s total (88.8% cpu);28.660026;196024.000;671364.000;358012.000;685784.000;
155;jupiterapi finished repairCommID;0.000;0.004;total: CPU Usage - 0.9s system + 24.6s user = 25.5s total (88.8% cpu);28.664268;196024.000;671364.000;358012.000;685784.000;
156;jupiterapi finished vp_pairs_free;0.002;0.006;total: CPU Usage - 0.9s system + 24.6s user = 25.5s total (88.8% cpu);28.670649;193656.000;668732.000;358012.000;685784.000;
157;jupiterapi finished setup pib array;0.039;0.042;total: CPU Usage - 0.9s system + 24.6s user = 25.5s total (88.8% cpu);28.713141;194424.000;668732.000;358012.000;685784.000;
158;jupiterapi finished ACC done cb;0.001;0.004;total: CPU Usage - 0.9s system + 24.6s user = 25.5s total (88.8% cpu);28.717976;194424.000;668732.000;358012.000;685784.000;
159;after finalize_nettmp loop;0.052;0.055;total: CPU Usage - 0.9s system + 24.7s user = 25.5s total (88.8% cpu);28.773336;194440.000;667440.000;358012.000;685784.000;
160;after cu_create_final_network;0.261;0.266;total: CPU Usage - 0.9s system + 24.9s user = 25.8s total (88.9% cpu);29.039818;194436.000;666924.000;358012.000;685784.000;
161;after cs_record_bidi_context;0.000;0.003;total: CPU Usage - 0.9s system + 24.9s user = 25.8s total (88.9% cpu);29.043652;194436.000;666924.000;358012.000;685784.000;
162;after cuv_to_cleanup;0.002;0.005;total: CPU Usage - 0.9s system + 24.9s user = 25.8s total (88.9% cpu);29.048518;186800.000;659184.000;358012.000;685784.000;
163;after replacing nettmp_ids;0.000;0.003;total: CPU Usage - 0.9s system + 24.9s user = 25.8s total (88.9% cpu);29.051761;186800.000;659184.000;358012.000;685784.000;
164;after tim_finalize_negtc;0.000;0.003;total: CPU Usage - 0.9s system + 24.9s user = 25.8s total (88.8% cpu);29.054564;186800.000;659184.000;358012.000;685784.000;
165;after nettmp_free_map;0.000;0.002;total: CPU Usage - 0.9s system + 24.9s user = 25.8s total (88.8% cpu);29.057236;186800.000;659184.000;358012.000;685784.000;
166;after cu_delayed_dlc_load_cod:cu_load_cods VERILOG;0.011;0.022;total: CPU Usage - 0.9s system + 24.9s user = 25.8s total (88.8% cpu);29.079810;186972.000;659184.000;358012.000;685784.000;
167;after cu_dlc_delayed_load_cod;0.000;0.004;total: CPU Usage - 0.9s system + 24.9s user = 25.8s total (88.8% cpu);29.084221;187168.000;658668.000;358012.000;685784.000;
168;after dlc_redo_pass2_walk;0.052;0.055;total: CPU Usage - 0.9s system + 25.0s user = 25.9s total (88.8% cpu);29.139607;187168.000;658668.000;358012.000;685784.000;
169;after net_cleanup;0.107;0.110;total: CPU Usage - 0.9s system + 25.1s user = 26.0s total (88.8% cpu);29.250311;187100.000;658152.000;358012.000;685784.000;
170;after gate_realloc;0.088;0.093;total: CPU Usage - 0.9s system + 25.2s user = 26.1s total (88.9% cpu);29.343391;195580.000;658152.000;358012.000;685784.000;
171;after gwm_cleanup;0.075;0.079;total: CPU Usage - 0.9s system + 25.3s user = 26.2s total (88.9% cpu);29.422312;189064.000;651444.000;358012.000;685784.000;
172;after tmport_getsabs;0.000;0.003;total: CPU Usage - 0.9s system + 25.3s user = 26.2s total (88.9% cpu);29.425807;189064.000;651444.000;358012.000;685784.000;
173;after gate_cleanup;0.151;0.155;total: CPU Usage - 0.9s system + 25.4s user = 26.3s total (88.9% cpu);29.580928;192228.000;651444.000;358012.000;685784.000;
174;jupiter clean;0.000;0.003;total: CPU Usage - 0.9s system + 25.4s user = 26.3s total (88.9% cpu);29.584142;192228.000;651444.000;358012.000;685784.000;
175;jupiter clean end;0.002;0.005;total: CPU Usage - 0.9s system + 25.4s user = 26.3s total (88.9% cpu);29.588922;192392.000;651444.000;358012.000;685784.000;
176;after variable aca cleanup;0.000;0.003;total: CPU Usage - 0.9s system + 25.4s user = 26.3s total (88.9% cpu);29.591689;192392.000;651444.000;358012.000;685784.000;
177;after trg_cleanup;0.000;0.003;total: CPU Usage - 0.9s system + 25.4s user = 26.3s total (88.9% cpu);29.594848;192392.000;651444.000;358012.000;685784.000;
178;after tds_cleanup;0.001;0.004;total: CPU Usage - 0.9s system + 25.4s user = 26.3s total (88.9% cpu);29.598582;192392.000;651444.000;358012.000;685784.000;
179;after gate_complete;0.002;0.005;total: CPU Usage - 0.9s system + 25.4s user = 26.3s total (88.9% cpu);29.603312;179064.000;638028.000;358012.000;685784.000;
180;after removing COD files;0.000;0.003;total: CPU Usage - 0.9s system + 25.4s user = 26.3s total (88.9% cpu);29.606271;179064.000;638028.000;358012.000;685784.000;
181;after ie_setup_trdrv_for_aca;0.000;0.003;total: CPU Usage - 0.9s system + 25.4s user = 26.3s total (88.9% cpu);29.609162;179064.000;638028.000;358012.000;685784.000;
182;end of pass2;0.000;0.003;total: CPU Usage - 0.9s system + 25.4s user = 26.3s total (88.9% cpu);29.612393;179064.000;638028.000;358012.000;685784.000;
183;after cu_signals;0.000;0.003;total: CPU Usage - 0.9s system + 25.4s user = 26.3s total (88.8% cpu);29.615319;179064.000;638028.000;358012.000;685784.000;
184;after sbl_gen_tchecks;0.001;0.004;total: CPU Usage - 0.9s system + 25.4s user = 26.3s total (88.8% cpu);29.619137;179080.000;637512.000;358012.000;685784.000;
185;after tim_done;0.000;0.003;total: CPU Usage - 0.9s system + 25.4s user = 26.3s total (88.8% cpu);29.622328;179064.000;636220.000;358012.000;685784.000;
186;before ie_end_increlab;0.000;0.004;total: CPU Usage - 0.9s system + 25.4s user = 26.3s total (88.8% cpu);29.626459;179064.000;636220.000;358012.000;685784.000;
187;after ie_end_increlab;0.000;0.003;total: CPU Usage - 0.9s system + 25.4s user = 26.3s total (88.8% cpu);29.629512;179064.000;636220.000;358012.000;685784.000;
188;In ev_write before sss_write final snapshot;0.005;0.009;total: CPU Usage - 0.9s system + 25.4s user = 26.3s total (88.8% cpu);29.638430;179068.000;636220.000;358012.000;685784.000;
189;In ev_write after sss_write final snapshot;0.101;0.109;total: CPU Usage - 0.9s system + 25.5s user = 26.4s total (88.8% cpu);29.747247;180360.000;636236.000;358012.000;685784.000;
190;Elaboration: End;0.000;0.006;total: CPU Usage - 0.9s system + 25.5s user = 26.4s total (88.8% cpu);29.753940;180360.000;636236.000;358012.000;685784.000;
