Cadence Genus(TM) Synthesis Solution.
Copyright 2023 Cadence Design Systems, Inc. All rights reserved worldwide.
Cadence and the Cadence logo are registered trademarks and Genus is a trademark
of Cadence Design Systems, Inc. in the United States and other countries.

[22:55:20.258945] Configured Lic search path (21.01-s002): 28070@license8.clemson.edu

Version: 21.17-s066_1, built Wed Mar 15 06:43:30 PDT 2023
Options: -files genus_shell.tcl 
Date:    Wed Mar 12 22:55:20 2025
Host:    node1737.palmetto.clemson.edu (x86_64 w/Linux 4.18.0-477.27.1.el8_8.x86_64) (8cores*16cpus*2physical cpus*Intel(R) Xeon(R) CPU E5-2665 0 @ 2.40GHz 20480KB) (65372060KB)
PID:     1814659
OS:      Rocky Linux release 8.8 (Green Obsidian)


[22:55:20.389905] Periodic Lic check successful
[22:55:20.389920] Feature usage summary:
[22:55:20.389921] Genus_Synthesis
Checking out license: Genus_Synthesis


***********************************************************************************************************
***********************************************************************************************************



Loading tool scripts...
Finished loading tool scripts (17 seconds elapsed).

#@ Processing -files option
@genus 1> source genus_shell.tcl
#@ Begin verbose source ./genus_shell.tcl
@file(genus_shell.tcl) 2: if ![info exists env(GENUSHOME)] {puts "PLEASE SET \"GENUSHOME\" VARIABLE!"; exit 1}
PLEASE SET "GENUSHOME" VARIABLE!

Lic Summary:
[22:55:37.030810] Cdslmd servers:28070@license8.clemson.edu
[22:55:37.030849] Feature usage summary:
[22:55:37.030850] Genus_Synthesis

Abnormal exit.Abnormal exit.
