xrun: 22.09-s010: (c) Copyright 1995-2023 Cadence Design Systems, Inc.
TOOL:	xrun	22.09-s010: Started on Mar 12, 2025 at 17:20:50 EDT
xrun
	-f filelist.txt
		multiplexor.v
		multiplexor_test.v
	-access rwc
file: multiplexor.v
	module worklib.multiplexor:v
		errors: 0, warnings: 0
		Caching library 'worklib' ....... Done
	Elaborating the design hierarchy:
	Top level design units:
		multiplexor_test
	Building instance overlay tables: .................... Done
	Generating native compiled code:
		worklib.multiplexor:v <0x1c6702d6>
			streams:   1, words:   298
		worklib.multiplexor_test:v <0x7da20842>
			streams:   5, words:  7281
	Building instance specific data structures.
	Loading native compiled code:     .................... Done
	Design hierarchy summary:
		             Instances  Unique
		Modules:             2       2
		Registers:           5       5
		Scalar wires:        1       -
		Vectored wires:      3       -
		Always blocks:       1       1
		Initial blocks:      1       1
		Pseudo assignments:  3       3
	Writing initial simulation snapshot: worklib.multiplexor_test:v
Loading snapshot worklib.multiplexor_test:v .................... Done
xcelium> source /software/commercial/cadence/XCELIUM2209/tools/xcelium/files/xmsimrc
xcelium> run
At time 1 sel=0 in0=10101 in1=00000, mux_out=10101
At time 2 sel=0 in0=01010 in1=00000, mux_out=01010
At time 3 sel=1 in0=00000 in1=10101, mux_out=10101
At time 4 sel=1 in0=00000 in1=01010, mux_out=01010
TEST PASSED
Simulation complete via $finish(1) at time 4 NS + 0
./multiplexor_test.v:43     $finish;
xcelium> exit
TOOL:	xrun	22.09-s010: Exiting on Mar 12, 2025 at 17:20:53 EDT  (total: 00:00:03)
