xrun(64): 22.09-s010: (c) Copyright 1995-2023 Cadence Design Systems, Inc.
TOOL:	xrun(64)	22.09-s010: Started on Mar 08, 2025 at 19:44:05 EST
xrun
	alarm_reg.vhd
	t_alarm_reg.vhd
	-access +rwc
	-top T_ALREG
	-gui
	-64bit
	-linedebug
xrun: *W,BADPRF: The -linedebug option may have an adverse performance impact.
alarm_reg.vhd:
	errors: 0, warnings: 0
t_alarm_reg.vhd:
      wait for PERIOD;
                       |
xmvhdl_p: *E,EXPEND (t_alarm_reg.vhd,83|23): expecting the reserved word 'END' [9.2].
      severity failure;
                        |
xmvhdl_p: *E,EXPEND (t_alarm_reg.vhd,86|24): expecting the reserved word 'END' [1.2].
   END process STIMULUS;
   |
xmvhdl_p: *E,EXPACE (t_alarm_reg.vhd,89|3): expecting a library unit [11.1].

xmvhdl_p: *E,UXPEOF (t_alarm_reg.vhd,92): unexpected end of file.
	errors: 4, warnings: 0
xrun: *E,VHLERR: Error during parsing VHDL file (status 1), exiting.
TOOL:	xrun(64)	22.09-s010: Exiting on Mar 08, 2025 at 19:44:06 EST  (total: 00:00:01)
