System Information:
  OS Dist. Name:         Rocky Linux release 8.8 (Green Obsidian)
  Kernel Version:        Linux node1677.palmetto.clemson.edu 4.18.0-477.27.1.el8_8.x86_64 #1 SMP Wed Sep 20 15:55:39 UTC 2023 x86_64
  Host Name:             node1677.palmetto.clemson.edu
  Timestamp:             2025-03-04 17:53:11.375788
  mce Version:           22.09-s010.493970
  Command Line:          /software/commercial/cadence/XCELIUM2209/tools.lnx86/mce/bin/64bit/mcebuild --do_south --flow_order_checks=0 --memory_monitor_pid=1622216 --LOG_FD=4 -f ../workdir/xrun_COMPRESSION_SERIAL/mcebuild.d/splits_mcebuild.args --do_link --do_link_build_cosim --mce_scratch_dir ../workdir/xrun_COMPRESSION_SERIAL/run.lnx8664.22.09.d

Stage                                                            VM RSS    VM HWM   Mem Delta CPU Time  User Time Total (C) Total (U)
=====                                                           ========= ========= ========= ========= ========= ========= =========
01. Commander Init ...........................................  45.06  MB 45.86  MB 45.06  MB         0         0         0         0
02. mcebuild Init ............................................  45.06  MB 45.86  MB 4.00   KB         0         0         0         0
03. Commander Internal Running Engine ........................  45.06  MB 45.86  MB 0      KB         0         0         0         0
    03.01. Debug Pack Only ...................................  45.07  MB 45.86  MB 4.00   KB         0         0         0         0 Skipped
    03.02. Prepare Compilations Arguments ....................  45.07  MB 45.86  MB 0      KB         0         0         0         0
    03.03. Create Post Build Report ..........................  45.32  MB 45.86  MB 260.00 KB         0         0         0         0 Skipped
    03.04. Run Interpreter ...................................  45.66  MB 45.86  MB 352.00 KB         0         0         0         0 Skipped
    03.05. Run Codegens and Codegen-asms .....................  45.27  MB 45.86  MB -400.00 KB         0         0         0         0 Skipped
    03.06. Compile runtime native code .......................  45.27  MB 45.86  MB 0      KB         0         0         0         0 Skipped
    03.07. Merge TemplateSplitDBs ............................  45.27  MB 45.86  MB 0      KB         0         0         0         0 Skipped
    03.08. Run Codegen South for CDP's and CAG's .............  45.27  MB 45.86  MB -4.00  KB         0         0         0         0 Skipped
    03.09. Run Splits ........................................  45.35  MB 45.86  MB 80.00  KB         5        26         5        26
    03.10. Run Linker ........................................  45.35  MB 45.86  MB 0      KB         0         3         6        29
    03.11. Prepare mce Arguments .............................  45.58  MB 45.89  MB 240.00 KB         0         0         6        29
04. mcebuild Finalize ........................................  45.58  MB 45.89  MB -4.00  KB         0         0         6        29
05. Dump statistics database .................................  45.57  MB 45.89  MB -8.00  KB         0         0         6        29
06. Merge and save compiler stats ............................  45.80  MB 46.06  MB 240.00 KB         0         0         6        29
07. Run stats analyzer .......................................  45.80  MB 46.06  MB 0      KB         0         0         6        29
08. Commander Finalize .......................................  45.86  MB 46.06  MB 56.00  KB         0         0         6        29
09. Copy Logs ................................................  45.93  MB 46.06  MB 68.00  KB         0         0         6        29 Skipped
