xrun(64): 22.09-s010: (c) Copyright 1995-2023 Cadence Design Systems, Inc.
TOOL:	xrun(64)	22.09-s010: Started on Mar 21, 2025 at 19:42:05 EDT
xrun
	-f run.f
		-64
		-uvmhome /software/commercial/cadence/XCELIUM2209/tools/methodology/UVM/CDNS-1.1d
		+UVM_VERBOSITY=UVM_FULL
		+UVM_TESTNAME=simple_test
		+UVM_NO_RELNOTES
		-timescale 1ns/100ps
		-incdir ../../yapp/sv
		-incdir ../../channel/sv
		-incdir ../../hbus/sv
		-incdir ../../clock_and_reset/sv
		../../yapp/sv/yapp_pkg.sv
		../../yapp/sv/yapp_if.sv
		../../channel/sv/channel_pkg.sv
		../../channel/sv/channel_if.sv
		../../hbus/sv/hbus_pkg.sv
		../../hbus/sv/hbus_if.sv
		../../clock_and_reset/sv/clock_and_reset_pkg.sv
		../../clock_and_reset/sv/clock_and_reset_if.sv
		clkgen.sv
		tb_top.sv
		hw_top.sv
		../../router_rtl/yapp_router.sv

   User defined plus("+") options:
	+UVM_VERBOSITY=UVM_FULL
	+UVM_NO_RELNOTES

Recompiling... reason: file '/home/jpanov/Cadence/uvma_training_1.2.6rev1/uvm/yapp/sv/yapp_tx_agent.sv' is newer than expected.
	expected: Fri Mar 21 18:33:45 2025
	actual:   Fri Mar 21 19:42:01 2025
Compiling UVM packages (uvm_pkg.sv cdns_uvm_pkg.sv) using uvmhome location /software/commercial/cadence/XCELIUM2209/tools/methodology/UVM/CDNS-1.1d
file: ../../yapp/sv/yapp_pkg.sv
	package worklib.yapp_pkg:sv
		errors: 0, warnings: 0
file: ../../yapp/sv/yapp_if.sv
	interface worklib.yapp_if:sv
		errors: 0, warnings: 0
file: ../../clock_and_reset/sv/clock_and_reset_pkg.sv
package clock_and_reset_pkg;
                          |
xmvlog: *W,TSNSPK (../../clock_and_reset/sv/clock_and_reset_pkg.sv,3|26): `timescale is not specified for the package.  The default timescale of 1ns/1ns will be assumed for this package.
file: tb_top.sv
	module worklib.tb_top:sv
		errors: 0, warnings: 0
		Caching library 'worklib' ....... Done
	Elaborating the design hierarchy:
	Top level design units:
		$unit_0x253ee350
		uvm_pkg
		cdns_uvmapi
		cdns_assert2uvm_pkg
		cdns_uvm_pkg
		yapp_pkg
		channel_pkg
		clock_and_reset_pkg
		hbus_pkg
		tb_top
		hw_top
xmelab: *W,DSEMEL: This SystemVerilog design will be simulated as per IEEE 1800-2009 SystemVerilog simulation semantics. Use -disable_sem2009 option for turning off SV 2009 simulation semantics.
	Building instance overlay tables: .................... Done
	Generating native compiled code:
		worklib.tb_top:sv <0x4e2806f1>
			streams:  86, words: 70569
		worklib.hw_top:sv <0x025dcc93>
			streams:  23, words:  5568
		worklib.yapp_if:sv <0x7e3d5c55>
			streams: 759, words: 891215
	Building instance specific data structures.
	Loading native compiled code:     .................... Done
	Design hierarchy summary:
		                       Instances  Unique
		Modules:                       9       7
		Interfaces:                    6       4
		Verilog packages:              8       8
		Resolved nets:                 0       1
		Registers:                 18506   11490
		Scalar wires:                 63       -
		Vectored wires:               34       -
		Named events:                  5      13
		Always blocks:                20      16
		Initial blocks:              464     214
		Parallel blocks:              39      40
		Cont. assignments:            19      42
		Pseudo assignments:           26      26
		Assertions:                    3       3
		Covergroup Instances:          0       2
		Compilation units:             1       1
		SV Class declarations:       250     364
		SV Class specializations:    563     563
		Simulation timescale:      100ps
	Writing initial simulation snapshot: worklib.tb_top:sv
Loading snapshot worklib.tb_top:sv .................... Done
SVSEED default: 1
xmsim: *W,DSEM2009: This SystemVerilog design is simulated as per IEEE 1800-2009 SystemVerilog simulation semantics. Use -disable_sem2009 option for turning off SV 2009 simulation semantics.
xcelium> source /software/commercial/cadence/XCELIUM2209/tools/xcelium/files/xmsimrc
xcelium> source /software/commercial/cadence/XCELIUM2209/tools/methodology/UVM/CDNS-1.1d/additions/sv/files/tcl/uvm_sim.tcl
xcelium> run
----------------------------------------------------------------
CDNS-UVM-1.1d (22.09-s010)
(C) 2007-2013 Mentor Graphics Corporation
(C) 2007-2013 Cadence Design Systems, Inc.
(C) 2006-2013 Synopsys, Inc.
(C) 2011-2013 Cypress Semiconductor Corp.
----------------------------------------------------------------
UVM_INFO @ 0: reporter [RNTST] Running test simple_test...
UVM_INFO router_tb.sv(24) @ 0: uvm_test_top.tb [MSG] In the build phase
UVM_INFO ../../channel/sv/channel_rx_monitor.sv(68) @ 0: uvm_test_top.tb.chan0.rx_agent.monitor [NOCOV] Coverage not enabled for: uvm_test_top.tb.chan0.rx_agent.monitor
UVM_INFO ../../channel/sv/channel_rx_monitor.sv(68) @ 0: uvm_test_top.tb.chan1.rx_agent.monitor [NOCOV] Coverage not enabled for: uvm_test_top.tb.chan1.rx_agent.monitor
UVM_INFO ../../channel/sv/channel_rx_monitor.sv(68) @ 0: uvm_test_top.tb.chan2.rx_agent.monitor [NOCOV] Coverage not enabled for: uvm_test_top.tb.chan2.rx_agent.monitor
UVM_INFO @ 0: reporter [UVMTOP] UVM testbench topology:
--------------------------------------------------------------------------
Name                           Type                       Size  Value     
--------------------------------------------------------------------------
uvm_test_top                   simple_test                -     @2848     
  tb                           router_tb                  -     @2945     
    chan0                      channel_env                -     @3062     
      rx_agent                 channel_rx_agent           -     @3215     
        driver                 channel_rx_driver          -     @3924     
          rsp_port             uvm_analysis_port          -     @4075     
            recording_detail   integral                   32    'd1       
          seq_item_port        uvm_seq_item_pull_port     -     @4026     
            recording_detail   integral                   32    'd1       
          channel_id           integral                   32    'h0       
          recording_detail     integral                   32    'd1       
        monitor                channel_rx_monitor         -     @3209     
          item_collected_port  uvm_analysis_port          -     @3305     
            recording_detail   integral                   32    'd1       
          channel_id           integral                   32    'h0       
          checks_enable        integral                   1     'h1       
          coverage_enable      integral                   1     'h1       
          recording_detail     integral                   32    'd1       
        sequencer              channel_rx_sequencer       -     @3279     
          rsp_export           uvm_analysis_export        -     @3395     
            recording_detail   integral                   32    'd1       
          seq_item_export      uvm_seq_item_pull_imp      -     @3945     
            recording_detail   integral                   32    'd1       
          recording_detail     integral                   32    'd1       
          arbitration_queue    array                      0     -         
          lock_queue           array                      0     -         
          num_last_reqs        integral                   32    'd1       
          num_last_rsps        integral                   32    'd1       
        is_active              uvm_active_passive_enum    1     UVM_ACTIVE
        recording_detail       integral                   32    'd1       
      channel_id               integral                   32    'h0       
      checks_enable            integral                   1     'h1       
      coverage_enable          integral                   1     'h1       
      recording_detail         integral                   32    'd1       
    chan1                      channel_env                -     @3039     
      rx_agent                 channel_rx_agent           -     @4129     
        driver                 channel_rx_driver          -     @4818     
          rsp_port             uvm_analysis_port          -     @4963     
            recording_detail   integral                   32    'd1       
          seq_item_port        uvm_seq_item_pull_port     -     @4915     
            recording_detail   integral                   32    'd1       
          channel_id           integral                   32    'h1       
          recording_detail     integral                   32    'd1       
        monitor                channel_rx_monitor         -     @4126     
          item_collected_port  uvm_analysis_port          -     @4213     
            recording_detail   integral                   32    'd1       
          channel_id           integral                   32    'h1       
          checks_enable        integral                   1     'h1       
          coverage_enable      integral                   1     'h1       
          recording_detail     integral                   32    'd1       
        sequencer              channel_rx_sequencer       -     @4193     
          rsp_export           uvm_analysis_export        -     @4298     
            recording_detail   integral                   32    'd1       
          seq_item_export      uvm_seq_item_pull_imp      -     @4838     
            recording_detail   integral                   32    'd1       
          recording_detail     integral                   32    'd1       
          arbitration_queue    array                      0     -         
          lock_queue           array                      0     -         
          num_last_reqs        integral                   32    'd1       
          num_last_rsps        integral                   32    'd1       
        is_active              uvm_active_passive_enum    1     UVM_ACTIVE
        recording_detail       integral                   32    'd1       
      channel_id               integral                   32    'h1       
      checks_enable            integral                   1     'h1       
      coverage_enable          integral                   1     'h1       
      recording_detail         integral                   32    'd1       
    chan2                      channel_env                -     @3091     
      rx_agent                 channel_rx_agent           -     @5015     
        driver                 channel_rx_driver          -     @5704     
          rsp_port             uvm_analysis_port          -     @5849     
            recording_detail   integral                   32    'd1       
          seq_item_port        uvm_seq_item_pull_port     -     @5801     
            recording_detail   integral                   32    'd1       
          channel_id           integral                   32    'h2       
          recording_detail     integral                   32    'd1       
        monitor                channel_rx_monitor         -     @5012     
          item_collected_port  uvm_analysis_port          -     @5099     
            recording_detail   integral                   32    'd1       
          channel_id           integral                   32    'h2       
          checks_enable        integral                   1     'h1       
          coverage_enable      integral                   1     'h1       
          recording_detail     integral                   32    'd1       
        sequencer              channel_rx_sequencer       -     @5079     
          rsp_export           uvm_analysis_export        -     @5184     
            recording_detail   integral                   32    'd1       
          seq_item_export      uvm_seq_item_pull_imp      -     @5724     
            recording_detail   integral                   32    'd1       
          recording_detail     integral                   32    'd1       
          arbitration_queue    array                      0     -         
          lock_queue           array                      0     -         
          num_last_reqs        integral                   32    'd1       
          num_last_rsps        integral                   32    'd1       
        is_active              uvm_active_passive_enum    1     UVM_ACTIVE
        recording_detail       integral                   32    'd1       
      channel_id               integral                   32    'h2       
      checks_enable            integral                   1     'h1       
      coverage_enable          integral                   1     'h1       
      recording_detail         integral                   32    'd1       
    clock_and_reset            clock_and_reset_env        -     @2881     
      agent                    clock_and_reset_agent      -     @5900     
        driver                 clock_and_reset_driver     -     @5931     
          rsp_port             uvm_analysis_port          -     @6032     
            recording_detail   integral                   32    'd1       
          seq_item_port        uvm_seq_item_pull_port     -     @5981     
            recording_detail   integral                   32    'd1       
          recording_detail     integral                   32    'd1       
        sequencer              clock_and_reset_sequencer  -     @6011     
          rsp_export           uvm_analysis_export        -     @6121     
            recording_detail   integral                   32    'd1       
          seq_item_export      uvm_seq_item_pull_imp      -     @6669     
            recording_detail   integral                   32    'd1       
          recording_detail     integral                   32    'd1       
          arbitration_queue    array                      0     -         
          lock_queue           array                      0     -         
          num_last_reqs        integral                   32    'd1       
          num_last_rsps        integral                   32    'd1       
        recording_detail       integral                   32    'd1       
      recording_detail         integral                   32    'd1       
    hbus                       hbus_env                   -     @3168     
      masters[0]               hbus_master_agent          -     @6805     
        driver                 hbus_master_driver         -     @7424     
          rsp_port             uvm_analysis_port          -     @7575     
            recording_detail   integral                   32    'd1       
          seq_item_port        uvm_seq_item_pull_port     -     @7526     
            recording_detail   integral                   32    'd1       
          random_delay         integral                   1     'h0       
          master_id            integral                   32    'h0       
          recording_detail     integral                   32    'd1       
        sequencer              hbus_master_sequencer      -     @6836     
          rsp_export           uvm_analysis_export        -     @6897     
            recording_detail   integral                   32    'd1       
          seq_item_export      uvm_seq_item_pull_imp      -     @7445     
            recording_detail   integral                   32    'd1       
          recording_detail     integral                   32    'd1       
          arbitration_queue    array                      0     -         
          lock_queue           array                      0     -         
          num_last_reqs        integral                   32    'd1       
          num_last_rsps        integral                   32    'd1       
        monitor                hbus_monitor               -     @6719     
        is_active              uvm_active_passive_enum    1     UVM_ACTIVE
        master_id              integral                   32    'h0       
        recording_detail       integral                   32    'd1       
      monitor                  hbus_monitor               -     @6719     
        item_collected_port    uvm_analysis_port          -     @6771     
          recording_detail     integral                   32    'd1       
        checks_enable          integral                   1     'h1       
        coverage_enable        integral                   1     'h1       
        recording_detail       integral                   32    'd1       
      num_masters              integral                   32    'h1       
      num_slaves               integral                   32    'h0       
      checks_enable            integral                   1     'h1       
      coverage_enable          integral                   1     'h1       
      recording_detail         integral                   32    'd1       
    yapp                       yapp_env                   -     @2976     
      tx_agent                 yapp_tx_agent              -     @7627     
        driver                 yapp_tx_driver             -     @8276     
          rsp_port             uvm_analysis_port          -     @8427     
            recording_detail   integral                   32    'd1       
          seq_item_port        uvm_seq_item_pull_port     -     @8378     
            recording_detail   integral                   32    'd1       
          num_sent             integral                   32    'h0       
          recording_detail     integral                   32    'd1       
        monitor                yapp_tx_monitor            -     @7659     
          num_pkts             integral                   32    'h0       
          recording_detail     integral                   32    'd1       
        sequencer              yapp_tx_sequencer          -     @7657     
          rsp_export           uvm_analysis_export        -     @7747     
            recording_detail   integral                   32    'd1       
          seq_item_export      uvm_seq_item_pull_imp      -     @8297     
            recording_detail   integral                   32    'd1       
          recording_detail     integral                   32    'd1       
          arbitration_queue    array                      0     -         
          lock_queue           array                      0     -         
          num_last_reqs        integral                   32    'd1       
          num_last_rsps        integral                   32    'd1       
        is_active              uvm_active_passive_enum    1     UVM_ACTIVE
        recording_detail       integral                   32    'd1       
      recording_detail         integral                   32    'd1       
    recording_detail           integral                   32    'd1       
--------------------------------------------------------------------------

UVM_INFO ../../yapp/sv/yapp_tx_driver.sv(24) @ 0: uvm_test_top.tb.yapp.tx_agent.driver [yapp_tx_driver] 
start of simulation for uvm_test_top.tb.yapp.tx_agent.driver
UVM_INFO ../../yapp/sv/yapp_tx_monitor.sv(25) @ 0: uvm_test_top.tb.yapp.tx_agent.monitor [yapp_tx_monitor] 
start of simulation for uvm_test_top.tb.yapp.tx_agent.monitor
UVM_INFO ../../yapp/sv/yapp_tx_sequencer.sv(16) @ 0: uvm_test_top.tb.yapp.tx_agent.sequencer [yapp_tx_sequencer] start of simulation for uvm_test_top.tb.yapp.tx_agent.sequencer
UVM_INFO ../../yapp/sv/yapp_tx_agent.sv(34) @ 0: uvm_test_top.tb.yapp.tx_agent [yapp_tx_agent] 
start of simulation for uvm_test_top.tb.yapp.tx_agent
UVM_INFO ../../yapp/sv/yapp_env.sv(20) @ 0: uvm_test_top.tb.yapp [yapp_env] 
start of simulation for uvm_test_top.tb.yapp
UVM_INFO router_test_lib.sv(31) @ 0: uvm_test_top [simple_test] start of simulation for uvm_test_top
UVM_INFO /software/commercial/cadence/XCELIUM2209/tools/methodology/UVM/CDNS-1.1d/sv/src/seq/uvm_sequencer_base.svh(1391) @ 0: uvm_test_top.tb.yapp.tx_agent.sequencer [PHASESEQ] Starting default sequence 'yapp_012_seq' for phase 'run'
SDI/Verilog Transaction Recording Facility Version 22.09-s010
UVM_INFO /software/commercial/cadence/XCELIUM2209/tools/methodology/UVM/CDNS-1.1d/sv/src/seq/uvm_sequencer_base.svh(1385) @ 0: uvm_test_top.tb.hbus.masters[0].sequencer [PHASESEQ] No default phase sequence for phase 'run'
UVM_INFO /software/commercial/cadence/XCELIUM2209/tools/methodology/UVM/CDNS-1.1d/sv/src/seq/uvm_sequencer_base.svh(1391) @ 0: uvm_test_top.tb.clock_and_reset.agent.sequencer [PHASESEQ] Starting default sequence 'clk10_rst5_seq' for phase 'run'
UVM_INFO /software/commercial/cadence/XCELIUM2209/tools/methodology/UVM/CDNS-1.1d/sv/src/seq/uvm_sequencer_base.svh(1391) @ 0: uvm_test_top.tb.chan2.rx_agent.sequencer [PHASESEQ] Starting default sequence 'channel_rx_resp_seq' for phase 'run'
UVM_INFO ../../channel/sv/channel_rx_monitor.sv(109) @ 0: uvm_test_top.tb.chan2.rx_agent.monitor [channel_rx_monitor] Inside the run() phase
UVM_INFO /software/commercial/cadence/XCELIUM2209/tools/methodology/UVM/CDNS-1.1d/sv/src/seq/uvm_sequencer_base.svh(1391) @ 0: uvm_test_top.tb.chan1.rx_agent.sequencer [PHASESEQ] Starting default sequence 'channel_rx_resp_seq' for phase 'run'
UVM_INFO ../../channel/sv/channel_rx_monitor.sv(109) @ 0: uvm_test_top.tb.chan1.rx_agent.monitor [channel_rx_monitor] Inside the run() phase
UVM_INFO /software/commercial/cadence/XCELIUM2209/tools/methodology/UVM/CDNS-1.1d/sv/src/seq/uvm_sequencer_base.svh(1391) @ 0: uvm_test_top.tb.chan0.rx_agent.sequencer [PHASESEQ] Starting default sequence 'channel_rx_resp_seq' for phase 'run'
UVM_INFO ../../channel/sv/channel_rx_monitor.sv(109) @ 0: uvm_test_top.tb.chan0.rx_agent.monitor [channel_rx_monitor] Inside the run() phase
UVM_INFO ../../yapp/sv/yapp_tx_seqs.sv(37) @ 0: uvm_test_top.tb.yapp.tx_agent.sequencer@@yapp_012_seq [yapp_012_seq] raise objection
UVM_INFO ../../yapp/sv/yapp_tx_seqs.sv(112) @ 0: uvm_test_top.tb.yapp.tx_agent.sequencer@@yapp_012_seq [yapp_012_seq] 
executing yapp_012_seq

UVM_INFO ../../clock_and_reset/sv/clock_and_reset_seq.sv(48) @ 0: uvm_test_top.tb.clock_and_reset.agent.sequencer@@clk10_rst5_seq [clk10_rst5_seq] Starting test_sequence sequence body
UVM_INFO ../../channel/sv/channel_rx_seqs.sv(33) @ 0: uvm_test_top.tb.chan2.rx_agent.sequencer@@channel_rx_resp_seq [channel_rx_resp_seq] Executing channel_rx_resp_seq (forever)
UVM_INFO ../../channel/sv/channel_rx_seqs.sv(33) @ 0: uvm_test_top.tb.chan1.rx_agent.sequencer@@channel_rx_resp_seq [channel_rx_resp_seq] Executing channel_rx_resp_seq (forever)
UVM_INFO ../../channel/sv/channel_rx_seqs.sv(33) @ 0: uvm_test_top.tb.chan0.rx_agent.sequencer@@channel_rx_resp_seq [channel_rx_resp_seq] Executing channel_rx_resp_seq (forever)
UVM_INFO ../../clock_and_reset/sv/clock_and_reset_seq.sv(20) @ 0: uvm_test_top.tb.clock_and_reset.agent.sequencer@@clk10_rst5_seq.cr [clock_and_reset_sequence] starting body clock_and_reset_wait_seq
UVM_INFO /software/commercial/cadence/XCELIUM2209/tools/methodology/UVM/CDNS-1.1d/sv/src/seq/uvm_sequencer_base.svh(1385) @ 0: uvm_test_top.tb.yapp.tx_agent.sequencer [PHASESEQ] No default phase sequence for phase 'pre_reset'
UVM_INFO /software/commercial/cadence/XCELIUM2209/tools/methodology/UVM/CDNS-1.1d/sv/src/seq/uvm_sequencer_base.svh(1385) @ 0: uvm_test_top.tb.hbus.masters[0].sequencer [PHASESEQ] No default phase sequence for phase 'pre_reset'
UVM_INFO /software/commercial/cadence/XCELIUM2209/tools/methodology/UVM/CDNS-1.1d/sv/src/seq/uvm_sequencer_base.svh(1385) @ 0: uvm_test_top.tb.clock_and_reset.agent.sequencer [PHASESEQ] No default phase sequence for phase 'pre_reset'
UVM_INFO /software/commercial/cadence/XCELIUM2209/tools/methodology/UVM/CDNS-1.1d/sv/src/seq/uvm_sequencer_base.svh(1385) @ 0: uvm_test_top.tb.chan2.rx_agent.sequencer [PHASESEQ] No default phase sequence for phase 'pre_reset'
UVM_INFO /software/commercial/cadence/XCELIUM2209/tools/methodology/UVM/CDNS-1.1d/sv/src/seq/uvm_sequencer_base.svh(1385) @ 0: uvm_test_top.tb.chan1.rx_agent.sequencer [PHASESEQ] No default phase sequence for phase 'pre_reset'
UVM_INFO /software/commercial/cadence/XCELIUM2209/tools/methodology/UVM/CDNS-1.1d/sv/src/seq/uvm_sequencer_base.svh(1385) @ 0: uvm_test_top.tb.chan0.rx_agent.sequencer [PHASESEQ] No default phase sequence for phase 'pre_reset'
UVM_INFO /software/commercial/cadence/XCELIUM2209/tools/methodology/UVM/CDNS-1.1d/sv/src/seq/uvm_sequencer_base.svh(1385) @ 0: uvm_test_top.tb.yapp.tx_agent.sequencer [PHASESEQ] No default phase sequence for phase 'reset'
UVM_INFO /software/commercial/cadence/XCELIUM2209/tools/methodology/UVM/CDNS-1.1d/sv/src/seq/uvm_sequencer_base.svh(1385) @ 0: uvm_test_top.tb.hbus.masters[0].sequencer [PHASESEQ] No default phase sequence for phase 'reset'
UVM_INFO /software/commercial/cadence/XCELIUM2209/tools/methodology/UVM/CDNS-1.1d/sv/src/seq/uvm_sequencer_base.svh(1385) @ 0: uvm_test_top.tb.clock_and_reset.agent.sequencer [PHASESEQ] No default phase sequence for phase 'reset'
UVM_INFO /software/commercial/cadence/XCELIUM2209/tools/methodology/UVM/CDNS-1.1d/sv/src/seq/uvm_sequencer_base.svh(1385) @ 0: uvm_test_top.tb.chan2.rx_agent.sequencer [PHASESEQ] No default phase sequence for phase 'reset'
UVM_INFO /software/commercial/cadence/XCELIUM2209/tools/methodology/UVM/CDNS-1.1d/sv/src/seq/uvm_sequencer_base.svh(1385) @ 0: uvm_test_top.tb.chan1.rx_agent.sequencer [PHASESEQ] No default phase sequence for phase 'reset'
UVM_INFO /software/commercial/cadence/XCELIUM2209/tools/methodology/UVM/CDNS-1.1d/sv/src/seq/uvm_sequencer_base.svh(1385) @ 0: uvm_test_top.tb.chan0.rx_agent.sequencer [PHASESEQ] No default phase sequence for phase 'reset'
UVM_INFO /software/commercial/cadence/XCELIUM2209/tools/methodology/UVM/CDNS-1.1d/sv/src/seq/uvm_sequencer_base.svh(1385) @ 0: uvm_test_top.tb.yapp.tx_agent.sequencer [PHASESEQ] No default phase sequence for phase 'post_reset'
UVM_INFO /software/commercial/cadence/XCELIUM2209/tools/methodology/UVM/CDNS-1.1d/sv/src/seq/uvm_sequencer_base.svh(1385) @ 0: uvm_test_top.tb.hbus.masters[0].sequencer [PHASESEQ] No default phase sequence for phase 'post_reset'
UVM_INFO /software/commercial/cadence/XCELIUM2209/tools/methodology/UVM/CDNS-1.1d/sv/src/seq/uvm_sequencer_base.svh(1385) @ 0: uvm_test_top.tb.clock_and_reset.agent.sequencer [PHASESEQ] No default phase sequence for phase 'post_reset'
UVM_INFO /software/commercial/cadence/XCELIUM2209/tools/methodology/UVM/CDNS-1.1d/sv/src/seq/uvm_sequencer_base.svh(1385) @ 0: uvm_test_top.tb.chan2.rx_agent.sequencer [PHASESEQ] No default phase sequence for phase 'post_reset'
UVM_INFO /software/commercial/cadence/XCELIUM2209/tools/methodology/UVM/CDNS-1.1d/sv/src/seq/uvm_sequencer_base.svh(1385) @ 0: uvm_test_top.tb.chan1.rx_agent.sequencer [PHASESEQ] No default phase sequence for phase 'post_reset'
UVM_INFO /software/commercial/cadence/XCELIUM2209/tools/methodology/UVM/CDNS-1.1d/sv/src/seq/uvm_sequencer_base.svh(1385) @ 0: uvm_test_top.tb.chan0.rx_agent.sequencer [PHASESEQ] No default phase sequence for phase 'post_reset'
UVM_INFO /software/commercial/cadence/XCELIUM2209/tools/methodology/UVM/CDNS-1.1d/sv/src/seq/uvm_sequencer_base.svh(1385) @ 0: uvm_test_top.tb.yapp.tx_agent.sequencer [PHASESEQ] No default phase sequence for phase 'pre_configure'
UVM_INFO /software/commercial/cadence/XCELIUM2209/tools/methodology/UVM/CDNS-1.1d/sv/src/seq/uvm_sequencer_base.svh(1385) @ 0: uvm_test_top.tb.hbus.masters[0].sequencer [PHASESEQ] No default phase sequence for phase 'pre_configure'
UVM_INFO /software/commercial/cadence/XCELIUM2209/tools/methodology/UVM/CDNS-1.1d/sv/src/seq/uvm_sequencer_base.svh(1385) @ 0: uvm_test_top.tb.clock_and_reset.agent.sequencer [PHASESEQ] No default phase sequence for phase 'pre_configure'
UVM_INFO /software/commercial/cadence/XCELIUM2209/tools/methodology/UVM/CDNS-1.1d/sv/src/seq/uvm_sequencer_base.svh(1385) @ 0: uvm_test_top.tb.chan2.rx_agent.sequencer [PHASESEQ] No default phase sequence for phase 'pre_configure'
UVM_INFO /software/commercial/cadence/XCELIUM2209/tools/methodology/UVM/CDNS-1.1d/sv/src/seq/uvm_sequencer_base.svh(1385) @ 0: uvm_test_top.tb.chan1.rx_agent.sequencer [PHASESEQ] No default phase sequence for phase 'pre_configure'
UVM_INFO /software/commercial/cadence/XCELIUM2209/tools/methodology/UVM/CDNS-1.1d/sv/src/seq/uvm_sequencer_base.svh(1385) @ 0: uvm_test_top.tb.chan0.rx_agent.sequencer [PHASESEQ] No default phase sequence for phase 'pre_configure'
UVM_INFO /software/commercial/cadence/XCELIUM2209/tools/methodology/UVM/CDNS-1.1d/sv/src/seq/uvm_sequencer_base.svh(1385) @ 0: uvm_test_top.tb.yapp.tx_agent.sequencer [PHASESEQ] No default phase sequence for phase 'configure'
UVM_INFO /software/commercial/cadence/XCELIUM2209/tools/methodology/UVM/CDNS-1.1d/sv/src/seq/uvm_sequencer_base.svh(1385) @ 0: uvm_test_top.tb.hbus.masters[0].sequencer [PHASESEQ] No default phase sequence for phase 'configure'
UVM_INFO /software/commercial/cadence/XCELIUM2209/tools/methodology/UVM/CDNS-1.1d/sv/src/seq/uvm_sequencer_base.svh(1385) @ 0: uvm_test_top.tb.clock_and_reset.agent.sequencer [PHASESEQ] No default phase sequence for phase 'configure'
UVM_INFO /software/commercial/cadence/XCELIUM2209/tools/methodology/UVM/CDNS-1.1d/sv/src/seq/uvm_sequencer_base.svh(1385) @ 0: uvm_test_top.tb.chan2.rx_agent.sequencer [PHASESEQ] No default phase sequence for phase 'configure'
UVM_INFO /software/commercial/cadence/XCELIUM2209/tools/methodology/UVM/CDNS-1.1d/sv/src/seq/uvm_sequencer_base.svh(1385) @ 0: uvm_test_top.tb.chan1.rx_agent.sequencer [PHASESEQ] No default phase sequence for phase 'configure'
UVM_INFO /software/commercial/cadence/XCELIUM2209/tools/methodology/UVM/CDNS-1.1d/sv/src/seq/uvm_sequencer_base.svh(1385) @ 0: uvm_test_top.tb.chan0.rx_agent.sequencer [PHASESEQ] No default phase sequence for phase 'configure'
UVM_INFO /software/commercial/cadence/XCELIUM2209/tools/methodology/UVM/CDNS-1.1d/sv/src/seq/uvm_sequencer_base.svh(1385) @ 0: uvm_test_top.tb.yapp.tx_agent.sequencer [PHASESEQ] No default phase sequence for phase 'post_configure'
UVM_INFO /software/commercial/cadence/XCELIUM2209/tools/methodology/UVM/CDNS-1.1d/sv/src/seq/uvm_sequencer_base.svh(1385) @ 0: uvm_test_top.tb.hbus.masters[0].sequencer [PHASESEQ] No default phase sequence for phase 'post_configure'
UVM_INFO /software/commercial/cadence/XCELIUM2209/tools/methodology/UVM/CDNS-1.1d/sv/src/seq/uvm_sequencer_base.svh(1385) @ 0: uvm_test_top.tb.clock_and_reset.agent.sequencer [PHASESEQ] No default phase sequence for phase 'post_configure'
UVM_INFO /software/commercial/cadence/XCELIUM2209/tools/methodology/UVM/CDNS-1.1d/sv/src/seq/uvm_sequencer_base.svh(1385) @ 0: uvm_test_top.tb.chan2.rx_agent.sequencer [PHASESEQ] No default phase sequence for phase 'post_configure'
UVM_INFO /software/commercial/cadence/XCELIUM2209/tools/methodology/UVM/CDNS-1.1d/sv/src/seq/uvm_sequencer_base.svh(1385) @ 0: uvm_test_top.tb.chan1.rx_agent.sequencer [PHASESEQ] No default phase sequence for phase 'post_configure'
UVM_INFO /software/commercial/cadence/XCELIUM2209/tools/methodology/UVM/CDNS-1.1d/sv/src/seq/uvm_sequencer_base.svh(1385) @ 0: uvm_test_top.tb.chan0.rx_agent.sequencer [PHASESEQ] No default phase sequence for phase 'post_configure'
UVM_INFO /software/commercial/cadence/XCELIUM2209/tools/methodology/UVM/CDNS-1.1d/sv/src/seq/uvm_sequencer_base.svh(1385) @ 0: uvm_test_top.tb.yapp.tx_agent.sequencer [PHASESEQ] No default phase sequence for phase 'pre_main'
UVM_INFO /software/commercial/cadence/XCELIUM2209/tools/methodology/UVM/CDNS-1.1d/sv/src/seq/uvm_sequencer_base.svh(1385) @ 0: uvm_test_top.tb.hbus.masters[0].sequencer [PHASESEQ] No default phase sequence for phase 'pre_main'
UVM_INFO /software/commercial/cadence/XCELIUM2209/tools/methodology/UVM/CDNS-1.1d/sv/src/seq/uvm_sequencer_base.svh(1385) @ 0: uvm_test_top.tb.clock_and_reset.agent.sequencer [PHASESEQ] No default phase sequence for phase 'pre_main'
UVM_INFO /software/commercial/cadence/XCELIUM2209/tools/methodology/UVM/CDNS-1.1d/sv/src/seq/uvm_sequencer_base.svh(1385) @ 0: uvm_test_top.tb.chan2.rx_agent.sequencer [PHASESEQ] No default phase sequence for phase 'pre_main'
UVM_INFO /software/commercial/cadence/XCELIUM2209/tools/methodology/UVM/CDNS-1.1d/sv/src/seq/uvm_sequencer_base.svh(1385) @ 0: uvm_test_top.tb.chan1.rx_agent.sequencer [PHASESEQ] No default phase sequence for phase 'pre_main'
UVM_INFO /software/commercial/cadence/XCELIUM2209/tools/methodology/UVM/CDNS-1.1d/sv/src/seq/uvm_sequencer_base.svh(1385) @ 0: uvm_test_top.tb.chan0.rx_agent.sequencer [PHASESEQ] No default phase sequence for phase 'pre_main'
UVM_INFO /software/commercial/cadence/XCELIUM2209/tools/methodology/UVM/CDNS-1.1d/sv/src/seq/uvm_sequencer_base.svh(1385) @ 0: uvm_test_top.tb.yapp.tx_agent.sequencer [PHASESEQ] No default phase sequence for phase 'main'
UVM_INFO /software/commercial/cadence/XCELIUM2209/tools/methodology/UVM/CDNS-1.1d/sv/src/seq/uvm_sequencer_base.svh(1385) @ 0: uvm_test_top.tb.hbus.masters[0].sequencer [PHASESEQ] No default phase sequence for phase 'main'
UVM_INFO /software/commercial/cadence/XCELIUM2209/tools/methodology/UVM/CDNS-1.1d/sv/src/seq/uvm_sequencer_base.svh(1385) @ 0: uvm_test_top.tb.clock_and_reset.agent.sequencer [PHASESEQ] No default phase sequence for phase 'main'
UVM_INFO /software/commercial/cadence/XCELIUM2209/tools/methodology/UVM/CDNS-1.1d/sv/src/seq/uvm_sequencer_base.svh(1385) @ 0: uvm_test_top.tb.chan2.rx_agent.sequencer [PHASESEQ] No default phase sequence for phase 'main'
UVM_INFO /software/commercial/cadence/XCELIUM2209/tools/methodology/UVM/CDNS-1.1d/sv/src/seq/uvm_sequencer_base.svh(1385) @ 0: uvm_test_top.tb.chan1.rx_agent.sequencer [PHASESEQ] No default phase sequence for phase 'main'
UVM_INFO /software/commercial/cadence/XCELIUM2209/tools/methodology/UVM/CDNS-1.1d/sv/src/seq/uvm_sequencer_base.svh(1385) @ 0: uvm_test_top.tb.chan0.rx_agent.sequencer [PHASESEQ] No default phase sequence for phase 'main'
UVM_INFO /software/commercial/cadence/XCELIUM2209/tools/methodology/UVM/CDNS-1.1d/sv/src/seq/uvm_sequencer_base.svh(1385) @ 0: uvm_test_top.tb.yapp.tx_agent.sequencer [PHASESEQ] No default phase sequence for phase 'post_main'
UVM_INFO /software/commercial/cadence/XCELIUM2209/tools/methodology/UVM/CDNS-1.1d/sv/src/seq/uvm_sequencer_base.svh(1385) @ 0: uvm_test_top.tb.hbus.masters[0].sequencer [PHASESEQ] No default phase sequence for phase 'post_main'
UVM_INFO /software/commercial/cadence/XCELIUM2209/tools/methodology/UVM/CDNS-1.1d/sv/src/seq/uvm_sequencer_base.svh(1385) @ 0: uvm_test_top.tb.clock_and_reset.agent.sequencer [PHASESEQ] No default phase sequence for phase 'post_main'
UVM_INFO /software/commercial/cadence/XCELIUM2209/tools/methodology/UVM/CDNS-1.1d/sv/src/seq/uvm_sequencer_base.svh(1385) @ 0: uvm_test_top.tb.chan2.rx_agent.sequencer [PHASESEQ] No default phase sequence for phase 'post_main'
UVM_INFO /software/commercial/cadence/XCELIUM2209/tools/methodology/UVM/CDNS-1.1d/sv/src/seq/uvm_sequencer_base.svh(1385) @ 0: uvm_test_top.tb.chan1.rx_agent.sequencer [PHASESEQ] No default phase sequence for phase 'post_main'
UVM_INFO /software/commercial/cadence/XCELIUM2209/tools/methodology/UVM/CDNS-1.1d/sv/src/seq/uvm_sequencer_base.svh(1385) @ 0: uvm_test_top.tb.chan0.rx_agent.sequencer [PHASESEQ] No default phase sequence for phase 'post_main'
UVM_INFO /software/commercial/cadence/XCELIUM2209/tools/methodology/UVM/CDNS-1.1d/sv/src/seq/uvm_sequencer_base.svh(1385) @ 0: uvm_test_top.tb.yapp.tx_agent.sequencer [PHASESEQ] No default phase sequence for phase 'pre_shutdown'
UVM_INFO /software/commercial/cadence/XCELIUM2209/tools/methodology/UVM/CDNS-1.1d/sv/src/seq/uvm_sequencer_base.svh(1385) @ 0: uvm_test_top.tb.hbus.masters[0].sequencer [PHASESEQ] No default phase sequence for phase 'pre_shutdown'
UVM_INFO /software/commercial/cadence/XCELIUM2209/tools/methodology/UVM/CDNS-1.1d/sv/src/seq/uvm_sequencer_base.svh(1385) @ 0: uvm_test_top.tb.clock_and_reset.agent.sequencer [PHASESEQ] No default phase sequence for phase 'pre_shutdown'
UVM_INFO /software/commercial/cadence/XCELIUM2209/tools/methodology/UVM/CDNS-1.1d/sv/src/seq/uvm_sequencer_base.svh(1385) @ 0: uvm_test_top.tb.chan2.rx_agent.sequencer [PHASESEQ] No default phase sequence for phase 'pre_shutdown'
UVM_INFO /software/commercial/cadence/XCELIUM2209/tools/methodology/UVM/CDNS-1.1d/sv/src/seq/uvm_sequencer_base.svh(1385) @ 0: uvm_test_top.tb.chan1.rx_agent.sequencer [PHASESEQ] No default phase sequence for phase 'pre_shutdown'
UVM_INFO /software/commercial/cadence/XCELIUM2209/tools/methodology/UVM/CDNS-1.1d/sv/src/seq/uvm_sequencer_base.svh(1385) @ 0: uvm_test_top.tb.chan0.rx_agent.sequencer [PHASESEQ] No default phase sequence for phase 'pre_shutdown'
UVM_INFO /software/commercial/cadence/XCELIUM2209/tools/methodology/UVM/CDNS-1.1d/sv/src/seq/uvm_sequencer_base.svh(1385) @ 0: uvm_test_top.tb.yapp.tx_agent.sequencer [PHASESEQ] No default phase sequence for phase 'shutdown'
UVM_INFO /software/commercial/cadence/XCELIUM2209/tools/methodology/UVM/CDNS-1.1d/sv/src/seq/uvm_sequencer_base.svh(1385) @ 0: uvm_test_top.tb.hbus.masters[0].sequencer [PHASESEQ] No default phase sequence for phase 'shutdown'
UVM_INFO /software/commercial/cadence/XCELIUM2209/tools/methodology/UVM/CDNS-1.1d/sv/src/seq/uvm_sequencer_base.svh(1385) @ 0: uvm_test_top.tb.clock_and_reset.agent.sequencer [PHASESEQ] No default phase sequence for phase 'shutdown'
UVM_INFO /software/commercial/cadence/XCELIUM2209/tools/methodology/UVM/CDNS-1.1d/sv/src/seq/uvm_sequencer_base.svh(1385) @ 0: uvm_test_top.tb.chan2.rx_agent.sequencer [PHASESEQ] No default phase sequence for phase 'shutdown'
UVM_INFO /software/commercial/cadence/XCELIUM2209/tools/methodology/UVM/CDNS-1.1d/sv/src/seq/uvm_sequencer_base.svh(1385) @ 0: uvm_test_top.tb.chan1.rx_agent.sequencer [PHASESEQ] No default phase sequence for phase 'shutdown'
UVM_INFO /software/commercial/cadence/XCELIUM2209/tools/methodology/UVM/CDNS-1.1d/sv/src/seq/uvm_sequencer_base.svh(1385) @ 0: uvm_test_top.tb.chan0.rx_agent.sequencer [PHASESEQ] No default phase sequence for phase 'shutdown'
UVM_INFO /software/commercial/cadence/XCELIUM2209/tools/methodology/UVM/CDNS-1.1d/sv/src/seq/uvm_sequencer_base.svh(1385) @ 0: uvm_test_top.tb.yapp.tx_agent.sequencer [PHASESEQ] No default phase sequence for phase 'post_shutdown'
UVM_INFO /software/commercial/cadence/XCELIUM2209/tools/methodology/UVM/CDNS-1.1d/sv/src/seq/uvm_sequencer_base.svh(1385) @ 0: uvm_test_top.tb.hbus.masters[0].sequencer [PHASESEQ] No default phase sequence for phase 'post_shutdown'
UVM_INFO /software/commercial/cadence/XCELIUM2209/tools/methodology/UVM/CDNS-1.1d/sv/src/seq/uvm_sequencer_base.svh(1385) @ 0: uvm_test_top.tb.clock_and_reset.agent.sequencer [PHASESEQ] No default phase sequence for phase 'post_shutdown'
UVM_INFO /software/commercial/cadence/XCELIUM2209/tools/methodology/UVM/CDNS-1.1d/sv/src/seq/uvm_sequencer_base.svh(1385) @ 0: uvm_test_top.tb.chan2.rx_agent.sequencer [PHASESEQ] No default phase sequence for phase 'post_shutdown'
UVM_INFO /software/commercial/cadence/XCELIUM2209/tools/methodology/UVM/CDNS-1.1d/sv/src/seq/uvm_sequencer_base.svh(1385) @ 0: uvm_test_top.tb.chan1.rx_agent.sequencer [PHASESEQ] No default phase sequence for phase 'post_shutdown'
UVM_INFO /software/commercial/cadence/XCELIUM2209/tools/methodology/UVM/CDNS-1.1d/sv/src/seq/uvm_sequencer_base.svh(1385) @ 0: uvm_test_top.tb.chan0.rx_agent.sequencer [PHASESEQ] No default phase sequence for phase 'post_shutdown'
UVM_INFO ../../hbus/sv/hbus_if.sv(41) @ 50: reporter [HBUS_IF] Master Observed Reset
UVM_INFO ../../hbus/sv/hbus_monitor.sv(91) @ 50: uvm_test_top.tb.hbus.monitor [hbus_monitor] Reset Active
UVM_INFO ../../hbus/sv/hbus_monitor.sv(93) @ 550: uvm_test_top.tb.hbus.monitor [hbus_monitor] Reset Deasserted
UVM_INFO ../../hbus/sv/hbus_master_driver.sv(57) @ 550: uvm_test_top.tb.hbus.masters[0].driver [hbus_master_driver] Reset Dropped
UVM_INFO ../../channel/sv/channel_rx_monitor.sv(113) @ 550: uvm_test_top.tb.chan2.rx_agent.monitor [channel_rx_monitor] Detected Reset Done
UVM_INFO ../../channel/sv/channel_rx_driver.sv(72) @ 550: uvm_test_top.tb.chan2.rx_agent.driver [channel_rx_driver] Reset Dropped
UVM_INFO ../../channel/sv/channel_rx_monitor.sv(113) @ 550: uvm_test_top.tb.chan1.rx_agent.monitor [channel_rx_monitor] Detected Reset Done
UVM_INFO ../../channel/sv/channel_rx_driver.sv(72) @ 550: uvm_test_top.tb.chan1.rx_agent.driver [channel_rx_driver] Reset Dropped
UVM_INFO ../../channel/sv/channel_rx_monitor.sv(113) @ 550: uvm_test_top.tb.chan0.rx_agent.monitor [channel_rx_monitor] Detected Reset Done
UVM_INFO ../../channel/sv/channel_rx_driver.sv(72) @ 550: uvm_test_top.tb.chan0.rx_agent.driver [channel_rx_driver] Reset Dropped
UVM_INFO ../../yapp/sv/yapp_tx_monitor.sv(31) @ 550: uvm_test_top.tb.yapp.tx_agent.monitor [yapp_tx_monitor] 
Detected Reset Done

UVM_INFO ../../yapp/sv/yapp_tx_driver.sv(38) @ 550: uvm_test_top.tb.yapp.tx_agent.driver [yapp_tx_driver] Reset dropped
UVM_INFO ../../yapp/sv/yapp_tx_driver.sv(41) @ 550: uvm_test_top.tb.yapp.tx_agent.driver [yapp_tx_driver] Sending Packet :
------------------------------------------------------------------------------------------------------------
Name                           Type               Size  Value                                               
------------------------------------------------------------------------------------------------------------
req                            short_yapp_packet  -     @9019                                               
  length                       integral           6     'h6                                                 
  addr                         integral           2     'h0                                                 
  payload                      da(integral)       6     -                                                   
    [0]                        integral           8     'h8b                                                
    [1]                        integral           8     'hde                                                
    [2]                        integral           8     'h3d                                                
    [3]                        integral           8     'h22                                                
    [4]                        integral           8     'h3e                                                
    [5]                        integral           8     'h37                                                
  parity                       integral           8     'h5b                                                
  parity_type                  parity_t           1     GOOD_PARITY                                         
  packet_delay                 integral           32    'd15                                                
  begin_time                   time               64    550                                                 
  depth                        int                32    'd2                                                 
  parent sequence (name)       string             12    yapp_012_seq                                        
  parent sequence (full name)  string             52    uvm_test_top.tb.yapp.tx_agent.sequencer.yapp_012_seq
  sequencer                    string             39    uvm_test_top.tb.yapp.tx_agent.sequencer             
------------------------------------------------------------------------------------------------------------

UVM_INFO ../../yapp/sv/yapp_if.sv(89) @ 2150: reporter [YAPP_IF] collect packets
UVM_INFO ../../yapp/sv/yapp_tx_monitor.sv(42) @ 2850: uvm_test_top.tb.yapp.tx_agent.monitor [yapp_tx_monitor] 
Packet Collected :
----------------------------------------------------
Name            Type               Size  Value      
----------------------------------------------------
pkt             short_yapp_packet  -     @8840      
  length        integral           6     'h6        
  addr          integral           2     'h0        
  payload       da(integral)       6     -          
    [0]         integral           8     'h8b       
    [1]         integral           8     'hde       
    [2]         integral           8     'h3d       
    [3]         integral           8     'h22       
    [4]         integral           8     'h3e       
    [5]         integral           8     'h37       
  parity        integral           8     'h5b       
  parity_type   parity_t           1     GOOD_PARITY
  packet_delay  integral           32    'd0        
  begin_time    time               64    2150       
  end_time      time               64    2850       
----------------------------------------------------

UVM_INFO ../../yapp/sv/yapp_tx_driver.sv(41) @ 2900: uvm_test_top.tb.yapp.tx_agent.driver [yapp_tx_driver] Sending Packet :
------------------------------------------------------------------------------------------------------------
Name                           Type               Size  Value                                               
------------------------------------------------------------------------------------------------------------
req                            short_yapp_packet  -     @8783                                               
  length                       integral           6     'h6                                                 
  addr                         integral           2     'h1                                                 
  payload                      da(integral)       6     -                                                   
    [0]                        integral           8     'h1c                                                
    [1]                        integral           8     'h8b                                                
    [2]                        integral           8     'hf4                                                
    [3]                        integral           8     'h8a                                                
    [4]                        integral           8     'hc4                                                
    [5]                        integral           8     'h46                                                
  parity                       integral           8     'h72                                                
  parity_type                  parity_t           1     GOOD_PARITY                                         
  packet_delay                 integral           32    'd0                                                 
  begin_time                   time               64    2900                                                
  depth                        int                32    'd2                                                 
  parent sequence (name)       string             12    yapp_012_seq                                        
  parent sequence (full name)  string             52    uvm_test_top.tb.yapp.tx_agent.sequencer.yapp_012_seq
  sequencer                    string             39    uvm_test_top.tb.yapp.tx_agent.sequencer             
------------------------------------------------------------------------------------------------------------

UVM_INFO ../../yapp/sv/yapp_if.sv(89) @ 3050: reporter [YAPP_IF] collect packets
UVM_INFO ../../yapp/sv/yapp_tx_monitor.sv(42) @ 3750: uvm_test_top.tb.yapp.tx_agent.monitor [yapp_tx_monitor] 
Packet Collected :
----------------------------------------------------
Name            Type               Size  Value      
----------------------------------------------------
pkt             short_yapp_packet  -     @8696      
  length        integral           6     'h6        
  addr          integral           2     'h1        
  payload       da(integral)       6     -          
    [0]         integral           8     'h1c       
    [1]         integral           8     'h8b       
    [2]         integral           8     'hf4       
    [3]         integral           8     'h8a       
    [4]         integral           8     'hc4       
    [5]         integral           8     'h46       
  parity        integral           8     'h72       
  parity_type   parity_t           1     GOOD_PARITY
  packet_delay  integral           32    'd0        
  begin_time    time               64    3050       
  end_time      time               64    3750       
----------------------------------------------------

UVM_INFO ../../yapp/sv/yapp_tx_driver.sv(41) @ 3800: uvm_test_top.tb.yapp.tx_agent.driver [yapp_tx_driver] Sending Packet :
------------------------------------------------------------------------------------------------------------
Name                           Type               Size  Value                                               
------------------------------------------------------------------------------------------------------------
req                            short_yapp_packet  -     @8692                                               
  length                       integral           6     'h3                                                 
  addr                         integral           2     'h2                                                 
  payload                      da(integral)       3     -                                                   
    [0]                        integral           8     'h2                                                 
    [1]                        integral           8     'hca                                                
    [2]                        integral           8     'h8d                                                
  parity                       integral           8     'h4b                                                
  parity_type                  parity_t           1     GOOD_PARITY                                         
  packet_delay                 integral           32    'd6                                                 
  begin_time                   time               64    3800                                                
  depth                        int                32    'd2                                                 
  parent sequence (name)       string             12    yapp_012_seq                                        
  parent sequence (full name)  string             52    uvm_test_top.tb.yapp.tx_agent.sequencer.yapp_012_seq
  sequencer                    string             39    uvm_test_top.tb.yapp.tx_agent.sequencer             
------------------------------------------------------------------------------------------------------------

UVM_INFO ../../channel/sv/channel_rx_monitor.sv(144) @ 3950: uvm_test_top.tb.chan0.rx_agent.monitor [channel_rx_monitor] Channel_0 Packet collected :
---------------------------------------------------
Name              Type            Size  Value      
---------------------------------------------------
packet_collected  channel_packet  -     @8829      
  length          integral        6     'h6        
  addr            integral        2     'h0        
  payload         da(integral)    6     -          
    [0]           integral        8     'h8b       
    [1]           integral        8     'hde       
    [2]           integral        8     'h3d       
    [3]           integral        8     'h22       
    [4]           integral        8     'h3e       
    [5]           integral        8     'h37       
  parity          integral        8     'h5b       
  parity_type     parity_e        1     GOOD_PARITY
  packet_delay    integral        32    'd0        
  begin_time      time            64    3150       
  end_time        time            64    3950       
---------------------------------------------------

UVM_INFO ../../yapp/sv/yapp_if.sv(89) @ 4550: reporter [YAPP_IF] collect packets
UVM_INFO ../../channel/sv/channel_rx_monitor.sv(144) @ 4750: uvm_test_top.tb.chan1.rx_agent.monitor [channel_rx_monitor] Channel_1 Packet collected :
---------------------------------------------------
Name              Type            Size  Value      
---------------------------------------------------
packet_collected  channel_packet  -     @8842      
  length          integral        6     'h6        
  addr            integral        2     'h1        
  payload         da(integral)    6     -          
    [0]           integral        8     'h1c       
    [1]           integral        8     'h8b       
    [2]           integral        8     'hf4       
    [3]           integral        8     'h8a       
    [4]           integral        8     'hc4       
    [5]           integral        8     'h46       
  parity          integral        8     'h72       
  parity_type     parity_e        1     GOOD_PARITY
  packet_delay    integral        32    'd0        
  begin_time      time            64    3950       
  end_time        time            64    4750       
---------------------------------------------------

UVM_INFO ../../yapp/sv/yapp_tx_monitor.sv(42) @ 4950: uvm_test_top.tb.yapp.tx_agent.monitor [yapp_tx_monitor] 
Packet Collected :
----------------------------------------------------
Name            Type               Size  Value      
----------------------------------------------------
pkt             short_yapp_packet  -     @8691      
  length        integral           6     'h3        
  addr          integral           2     'h2        
  payload       da(integral)       3     -          
    [0]         integral           8     'h2        
    [1]         integral           8     'hca       
    [2]         integral           8     'h8d       
  parity        integral           8     'h4b       
  parity_type   parity_t           1     GOOD_PARITY
  packet_delay  integral           32    'd0        
  begin_time    time               64    4550       
  end_time      time               64    4950       
----------------------------------------------------

UVM_INFO ../../yapp/sv/yapp_tx_seqs.sv(51) @ 5000: uvm_test_top.tb.yapp.tx_agent.sequencer@@yapp_012_seq [yapp_012_seq] drop objection
UVM_INFO ../../channel/sv/channel_rx_monitor.sv(144) @ 5650: uvm_test_top.tb.chan2.rx_agent.monitor [channel_rx_monitor] Channel_2 Packet collected :
---------------------------------------------------
Name              Type            Size  Value      
---------------------------------------------------
packet_collected  channel_packet  -     @8867      
  length          integral        6     'h3        
  addr            integral        2     'h2        
  payload         da(integral)    3     -          
    [0]           integral        8     'h2        
    [1]           integral        8     'hca       
    [2]           integral        8     'h8d       
  parity          integral        8     'h4b       
  parity_type     parity_e        1     GOOD_PARITY
  packet_delay    integral        32    'd0        
  begin_time      time            64    5150       
  end_time        time            64    5650       
---------------------------------------------------

UVM_INFO /software/commercial/cadence/XCELIUM2209/tools/methodology/UVM/CDNS-1.1d/sv/src/base/uvm_objection.svh(1245) @ 7000: reporter [TEST_DONE] All end-of-test objections have been dropped. Calling stop tasks
UVM_INFO /software/commercial/cadence/XCELIUM2209/tools/methodology/UVM/CDNS-1.1d/sv/src/base/uvm_objection.svh(1268) @ 7000: reporter [TEST_DONE] 'run' phase is ready to proceed to the 'extract' phase
UVM_INFO ../../channel/sv/channel_rx_driver.sv(94) @ 7000: uvm_test_top.tb.chan0.rx_agent.driver [channel_rx_driver] Report: Channel_0 RX Driver Sent 1 Responses
UVM_INFO ../../channel/sv/channel_rx_monitor.sv(157) @ 7000: uvm_test_top.tb.chan0.rx_agent.monitor [channel_rx_monitor] Report: Channel_0 Monitor Collected 1 Packets
UVM_INFO ../../channel/sv/channel_rx_driver.sv(94) @ 7000: uvm_test_top.tb.chan1.rx_agent.driver [channel_rx_driver] Report: Channel_1 RX Driver Sent 1 Responses
UVM_INFO ../../channel/sv/channel_rx_monitor.sv(157) @ 7000: uvm_test_top.tb.chan1.rx_agent.monitor [channel_rx_monitor] Report: Channel_1 Monitor Collected 1 Packets
UVM_INFO ../../channel/sv/channel_rx_driver.sv(94) @ 7000: uvm_test_top.tb.chan2.rx_agent.driver [channel_rx_driver] Report: Channel_2 RX Driver Sent 1 Responses
UVM_INFO ../../channel/sv/channel_rx_monitor.sv(157) @ 7000: uvm_test_top.tb.chan2.rx_agent.monitor [channel_rx_monitor] Report: Channel_2 Monitor Collected 1 Packets
UVM_INFO ../../hbus/sv/hbus_monitor.sv(132) @ 7000: uvm_test_top.tb.hbus.monitor [hbus_monitor] Report: HBUS Monitor Collected 0 WRITE and 0 READ Transactions
UVM_INFO ../../yapp/sv/yapp_tx_driver.sv(63) @ 7000: uvm_test_top.tb.yapp.tx_agent.driver [yapp_tx_driver] 
Report: yapp_tx_driver sent 3 packets

UVM_INFO ../../yapp/sv/yapp_tx_monitor.sv(48) @ 7000: uvm_test_top.tb.yapp.tx_agent.monitor [yapp_tx_monitor] Report: YAPP Monitor Collected 3 Packets

--- UVM Report catcher Summary ---


Number of demoted UVM_FATAL reports  :    0
Number of demoted UVM_ERROR reports  :    0
Number of demoted UVM_WARNING reports:    0
Number of caught UVM_FATAL reports   :    0
Number of caught UVM_ERROR reports   :    0
Number of caught UVM_WARNING reports :    0

--- UVM Report Summary ---

** Report counts by severity
UVM_INFO :  136
UVM_WARNING :    0
UVM_ERROR :    0
UVM_FATAL :    0
** Report counts by id
[HBUS_IF]     1
[MSG]     1
[NOCOV]     3
[PHASESEQ]    78
[RNTST]     1
[TEST_DONE]     2
[UVMTOP]     1
[YAPP_IF]     3
[channel_rx_driver]     6
[channel_rx_monitor]    12
[channel_rx_resp_seq]     3
[clk10_rst5_seq]     1
[clock_and_reset_sequence]     1
[hbus_master_driver]     1
[hbus_monitor]     3
[simple_test]     1
[yapp_012_seq]     3
[yapp_env]     1
[yapp_tx_agent]     1
[yapp_tx_driver]     6
[yapp_tx_monitor]     6
[yapp_tx_sequencer]     1
Simulation complete via $finish(1) at time 700 NS + 46
/software/commercial/cadence/XCELIUM2209/tools/methodology/UVM/CDNS-1.1d/sv/src/base/uvm_root.svh:457     $finish;
xcelium> exit
TOOL:	xrun(64)	22.09-s010: Exiting on Mar 21, 2025 at 19:42:10 EDT  (total: 00:00:05)
