xrun: 22.09-s010: (c) Copyright 1995-2023 Cadence Design Systems, Inc.
TOOL:	xrun	22.09-s010: Started on Mar 12, 2025 at 17:45:45 EDT
xrun
	-f filelist.txt
		alu.v
		alu_test.v
	-access rwc
file: alu.v
	module worklib.alu:v
		errors: 0, warnings: 0
		Caching library 'worklib' ....... Done
	Elaborating the design hierarchy:
	Top level design units:
		alu_test
	Building instance overlay tables: .................... Done
	Generating native compiled code:
		worklib.alu:v <0x7aafe7e1>
			streams:   1, words:  1001
		worklib.alu_test:v <0x7bf566dd>
			streams:   5, words: 12168
	Building instance specific data structures.
	Loading native compiled code:     .................... Done
	Design hierarchy summary:
		             Instances  Unique
		Modules:             2       2
		Registers:           7       7
		Scalar wires:        1       -
		Vectored wires:      4       -
		Always blocks:       1       1
		Initial blocks:      1       1
		Pseudo assignments:  3       3
	Writing initial simulation snapshot: worklib.alu_test:v
Loading snapshot worklib.alu_test:v .................... Done
xcelium> source /software/commercial/cadence/XCELIUM2209/tools/xcelium/files/xmsimrc
xcelium> run
At time 1 opcode=000 in_a=01000010 in_b=10000110 a_is_zero=0 alu_out=01000010
At time 2 opcode=001 in_a=01000010 in_b=10000110 a_is_zero=0 alu_out=01000010
At time 3 opcode=010 in_a=01000010 in_b=10000110 a_is_zero=0 alu_out=11001000
At time 4 opcode=011 in_a=01000010 in_b=10000110 a_is_zero=0 alu_out=00000010
At time 5 opcode=100 in_a=01000010 in_b=10000110 a_is_zero=0 alu_out=11000100
At time 6 opcode=101 in_a=01000010 in_b=10000110 a_is_zero=0 alu_out=10000110
At time 7 opcode=110 in_a=01000010 in_b=10000110 a_is_zero=0 alu_out=01000010
At time 8 opcode=111 in_a=01000010 in_b=10000110 a_is_zero=0 alu_out=01000010
At time 9 opcode=111 in_a=00000000 in_b=10000110 a_is_zero=1 alu_out=00000000
TEST PASSED
Simulation complete via $finish(1) at time 9 NS + 0
./alu_test.v:57     $finish;
xcelium> exit
TOOL:	xrun	22.09-s010: Exiting on Mar 12, 2025 at 17:45:47 EDT  (total: 00:00:02)
