xrun(64): 22.09-s010: (c) Copyright 1995-2023 Cadence Design Systems, Inc.
TOOL:	xrun(64)	22.09-s010: Started on Mar 20, 2025 at 19:20:28 EDT
xrun
	-f run.f
		-64
		-uvmhome /software/commercial/cadence/XCELIUM2209/tools/methodology/UVM/CDNS-1.1d
		-incdir ../sv
		+UVM_VERBOSITY=UVM_HIGH
		+UVM_TESTNAME=short_packet_test
		../sv/yapp_pkg.sv
		top.sv

   User defined plus("+") options:
	+UVM_VERBOSITY=UVM_HIGH

file: ../sv/yapp_pkg.sv
package yapp_pkg;
               |
xmvlog: *W,TSNSPK (../sv/yapp_pkg.sv,5|15): `timescale is not specified for the package.  The default timescale of 1ns/1ns will be assumed for this package.
	package worklib.yapp_pkg:sv
		errors: 0, warnings: 1
file: top.sv
	module worklib.top:sv
		errors: 0, warnings: 0
		Caching library 'worklib' ....... Done
	Elaborating the design hierarchy:
	Top level design units:
		uvm_pkg
		cdns_uvmapi
		cdns_assert2uvm_pkg
		cdns_uvm_pkg
		yapp_pkg
		top
xmelab: *W,DSEMEL: This SystemVerilog design will be simulated as per IEEE 1800-2009 SystemVerilog simulation semantics. Use -disable_sem2009 option for turning off SV 2009 simulation semantics.
	Building instance overlay tables: .................... Done
	Generating native compiled code:
		worklib.top:sv <0x630f2fb8>
			streams: 105, words: 70045
		worklib.yapp_pkg:sv <0x2c86b9e1>
			streams: 474, words: 522436
		worklib.cdns_uvm_pkg:sv <0x30752025>
			streams: 172, words: 247419
		worklib.cdns_uvmapi:svp <0x7adb3960>
			streams:  27, words: 28542
		worklib.cdns_assert2uvm_pkg:sv <0x77f23e6e>
			streams:   3, words:  1664
		worklib.uvm_pkg:sv <0x3dd72337>
			streams: 4537, words: 6777639
	Building instance specific data structures.
	Loading native compiled code:     .................... Done
	Design hierarchy summary:
		                       Instances  Unique
		Modules:                       1       1
		Verilog packages:              5       5
		Registers:                 13830   10266
		Named events:                  4      12
		Initial blocks:              295     159
		Parallel blocks:              26      27
		Assertions:                    2       2
		SV Class declarations:       203     317
		SV Class specializations:    386     386
	Writing initial simulation snapshot: worklib.top:sv
Loading snapshot worklib.top:sv .................... Done
SVSEED default: 1
xmsim: *W,DSEM2009: This SystemVerilog design is simulated as per IEEE 1800-2009 SystemVerilog simulation semantics. Use -disable_sem2009 option for turning off SV 2009 simulation semantics.
xcelium> source /software/commercial/cadence/XCELIUM2209/tools/xcelium/files/xmsimrc
xcelium> source /software/commercial/cadence/XCELIUM2209/tools/methodology/UVM/CDNS-1.1d/additions/sv/files/tcl/uvm_sim.tcl
xcelium> run
----------------------------------------------------------------
CDNS-UVM-1.1d (22.09-s010)
(C) 2007-2013 Mentor Graphics Corporation
(C) 2007-2013 Cadence Design Systems, Inc.
(C) 2006-2013 Synopsys, Inc.
(C) 2011-2013 Cypress Semiconductor Corp.
----------------------------------------------------------------

  ***********       IMPORTANT RELEASE NOTES         ************

  You are using a version of the UVM library that has been compiled
  with `UVM_NO_DEPRECATED undefined.
  See http://www.eda.org/svdb/view.php?id=3313 for more details.

  You are using a version of the UVM library that has been compiled
  with `UVM_OBJECT_MUST_HAVE_CONSTRUCTOR undefined.
  See http://www.eda.org/svdb/view.php?id=3770 for more details.

      (Specify +UVM_NO_RELNOTES to turn off this notice)

UVM_INFO @ 0: reporter [RNTST] Running test short_packet_test...
UVM_INFO router_tb.sv(16) @ 0: uvm_test_top.tb [MSG] In the build phase
UVM_INFO @ 0: reporter [UVMTOP] UVM testbench topology:
-----------------------------------------------------------------------
Name                          Type                     Size  Value     
-----------------------------------------------------------------------
uvm_test_top                  short_packet_test        -     @2588     
  tb                          router_tb                -     @2666     
    yapp                      yapp_env                 -     @2625     
      tx_agent                yapp_tx_agent            -     @2743     
        driver                yapp_tx_driver           -     @3399     
          rsp_port            uvm_analysis_port        -     @3550     
            recording_detail  integral                 32    'd1       
          seq_item_port       uvm_seq_item_pull_port   -     @3501     
            recording_detail  integral                 32    'd1       
          recording_detail    integral                 32    'd1       
        monitor               yapp_tx_monitor          -     @2775     
          recording_detail    integral                 32    'd1       
        sequencer             yapp_tx_sequencer        -     @2773     
          rsp_export          uvm_analysis_export      -     @2870     
            recording_detail  integral                 32    'd1       
          seq_item_export     uvm_seq_item_pull_imp    -     @3420     
            recording_detail  integral                 32    'd1       
          recording_detail    integral                 32    'd1       
          arbitration_queue   array                    0     -         
          lock_queue          array                    0     -         
          num_last_reqs       integral                 32    'd1       
          num_last_rsps       integral                 32    'd1       
        is_active             uvm_active_passive_enum  1     UVM_ACTIVE
        recording_detail      integral                 32    'd1       
      recording_detail        integral                 32    'd1       
    recording_detail          integral                 32    'd1       
-----------------------------------------------------------------------

UVM_INFO ../sv/yapp_tx_driver.sv(15) @ 0: uvm_test_top.tb.yapp.tx_agent.driver [yapp_tx_driver] 
start of simulation for uvm_test_top.tb.yapp.tx_agent.driver
UVM_INFO ../sv/yapp_tx_monitor.sv(15) @ 0: uvm_test_top.tb.yapp.tx_agent.monitor [yapp_tx_monitor] 
start of simulation for uvm_test_top.tb.yapp.tx_agent.monitor
UVM_INFO ../sv/yapp_tx_sequencer.sv(14) @ 0: uvm_test_top.tb.yapp.tx_agent.sequencer [yapp_tx_sequencer] start of simulation for uvm_test_top.tb.yapp.tx_agent.sequencer
UVM_INFO ../sv/yapp_tx_agent.sv(34) @ 0: uvm_test_top.tb.yapp.tx_agent [yapp_tx_agent] 
start of simulation for uvm_test_top.tb.yapp.tx_agent
UVM_INFO ../sv/yapp_env.sv(20) @ 0: uvm_test_top.tb.yapp [yapp_env] 
start of simulation for uvm_test_top.tb.yapp
UVM_INFO router_tb.sv(22) @ 0: uvm_test_top.tb [router_tb] 
start of simulation for uvm_test_top.tb
UVM_INFO router_test_lib.sv(30) @ 0: uvm_test_top [short_packet_test] 
start of simulation for uvm_test_top
SDI/Verilog Transaction Recording Facility Version 22.09-s010
UVM_INFO ../sv/yapp_tx_monitor.sv(19) @ 0: uvm_test_top.tb.yapp.tx_agent.monitor [yapp_tx_monitor] 
Inside the monitor

UVM_INFO ../sv/yapp_tx_seqs.sv(37) @ 0: uvm_test_top.tb.yapp.tx_agent.sequencer@@yapp_5_packets [yapp_5_packets] raise objection
UVM_INFO ../sv/yapp_tx_seqs.sv(81) @ 0: uvm_test_top.tb.yapp.tx_agent.sequencer@@yapp_5_packets [yapp_5_packets] Executing yapp_5_packets sequence
UVM_INFO ../sv/yapp_tx_driver.sv(27) @ 0: uvm_test_top.tb.yapp.tx_agent.driver [yapp_tx_driver] 
Input packet to send:
--------------------------------------------------------------------------------------------------------------
Name                           Type               Size  Value                                                 
--------------------------------------------------------------------------------------------------------------
req                            short_yapp_packet  -     @3652                                                 
  length                       integral           6     'h6                                                   
  addr                         integral           2     'h0                                                   
  payload                      da(integral)       6     -                                                     
    [0]                        integral           8     'h19                                                  
    [1]                        integral           8     'hb9                                                  
    [2]                        integral           8     'h92                                                  
    [3]                        integral           8     'h52                                                  
    [4]                        integral           8     'hb8                                                  
    [5]                        integral           8     'h6                                                   
  parity                       integral           8     'hc7                                                  
  parity_type                  parity_t           1     BAD_PARITY                                            
  packet_delay                 integral           32    'd18                                                  
  begin_time                   time               64    0                                                     
  depth                        int                32    'd2                                                   
  parent sequence (name)       string             14    yapp_5_packets                                        
  parent sequence (full name)  string             54    uvm_test_top.tb.yapp.tx_agent.sequencer.yapp_5_packets
  sequencer                    string             39    uvm_test_top.tb.yapp.tx_agent.sequencer               
--------------------------------------------------------------------------------------------------------------

UVM_INFO ../sv/yapp_tx_driver.sv(27) @ 10: uvm_test_top.tb.yapp.tx_agent.driver [yapp_tx_driver] 
Input packet to send:
--------------------------------------------------------------------------------------------------------------
Name                           Type               Size  Value                                                 
--------------------------------------------------------------------------------------------------------------
req                            short_yapp_packet  -     @3772                                                 
  length                       integral           6     'hc                                                   
  addr                         integral           2     'h0                                                   
  payload                      da(integral)       12    -                                                     
    [0]                        integral           8     'h20                                                  
    [1]                        integral           8     'h7d                                                  
    [2]                        integral           8     'h78                                                  
    [3]                        integral           8     'h84                                                  
    [4]                        integral           8     'h21                                                  
    ...                        ...                ...   ...                                                   
    [7]                        integral           8     'hb7                                                  
    [8]                        integral           8     'h6b                                                  
    [9]                        integral           8     'h2d                                                  
    [10]                       integral           8     'h83                                                  
    [11]                       integral           8     'h53                                                  
  parity                       integral           8     'hb0                                                  
  parity_type                  parity_t           1     GOOD_PARITY                                           
  packet_delay                 integral           32    'd14                                                  
  begin_time                   time               64    10                                                    
  depth                        int                32    'd2                                                   
  parent sequence (name)       string             14    yapp_5_packets                                        
  parent sequence (full name)  string             54    uvm_test_top.tb.yapp.tx_agent.sequencer.yapp_5_packets
  sequencer                    string             39    uvm_test_top.tb.yapp.tx_agent.sequencer               
--------------------------------------------------------------------------------------------------------------

UVM_INFO ../sv/yapp_tx_driver.sv(27) @ 20: uvm_test_top.tb.yapp.tx_agent.driver [yapp_tx_driver] 
Input packet to send:
--------------------------------------------------------------------------------------------------------------
Name                           Type               Size  Value                                                 
--------------------------------------------------------------------------------------------------------------
req                            short_yapp_packet  -     @3819                                                 
  length                       integral           6     'h1                                                   
  addr                         integral           2     'h0                                                   
  payload                      da(integral)       1     -                                                     
    [0]                        integral           8     'h90                                                  
  parity                       integral           8     'h94                                                  
  parity_type                  parity_t           1     GOOD_PARITY                                           
  packet_delay                 integral           32    'd9                                                   
  begin_time                   time               64    20                                                    
  depth                        int                32    'd2                                                   
  parent sequence (name)       string             14    yapp_5_packets                                        
  parent sequence (full name)  string             54    uvm_test_top.tb.yapp.tx_agent.sequencer.yapp_5_packets
  sequencer                    string             39    uvm_test_top.tb.yapp.tx_agent.sequencer               
--------------------------------------------------------------------------------------------------------------

UVM_INFO ../sv/yapp_tx_driver.sv(27) @ 30: uvm_test_top.tb.yapp.tx_agent.driver [yapp_tx_driver] 
Input packet to send:
--------------------------------------------------------------------------------------------------------------
Name                           Type               Size  Value                                                 
--------------------------------------------------------------------------------------------------------------
req                            short_yapp_packet  -     @3725                                                 
  length                       integral           6     'h8                                                   
  addr                         integral           2     'h1                                                   
  payload                      da(integral)       8     -                                                     
    [0]                        integral           8     'he                                                   
    [1]                        integral           8     'h71                                                  
    [2]                        integral           8     'h6e                                                  
    [3]                        integral           8     'h48                                                  
    [4]                        integral           8     'h94                                                  
    [5]                        integral           8     'h5a                                                  
    [6]                        integral           8     'h13                                                  
    [7]                        integral           8     'heb                                                  
  parity                       integral           8     'h4e                                                  
  parity_type                  parity_t           1     GOOD_PARITY                                           
  packet_delay                 integral           32    'd8                                                   
  begin_time                   time               64    30                                                    
  depth                        int                32    'd2                                                   
  parent sequence (name)       string             14    yapp_5_packets                                        
  parent sequence (full name)  string             54    uvm_test_top.tb.yapp.tx_agent.sequencer.yapp_5_packets
  sequencer                    string             39    uvm_test_top.tb.yapp.tx_agent.sequencer               
--------------------------------------------------------------------------------------------------------------

UVM_INFO ../sv/yapp_tx_driver.sv(27) @ 40: uvm_test_top.tb.yapp.tx_agent.driver [yapp_tx_driver] 
Input packet to send:
--------------------------------------------------------------------------------------------------------------
Name                           Type               Size  Value                                                 
--------------------------------------------------------------------------------------------------------------
req                            short_yapp_packet  -     @3638                                                 
  length                       integral           6     'h4                                                   
  addr                         integral           2     'h1                                                   
  payload                      da(integral)       4     -                                                     
    [0]                        integral           8     'h2b                                                  
    [1]                        integral           8     'hb2                                                  
    [2]                        integral           8     'hfb                                                  
    [3]                        integral           8     'hde                                                  
  parity                       integral           8     'had                                                  
  parity_type                  parity_t           1     GOOD_PARITY                                           
  packet_delay                 integral           32    'd16                                                  
  begin_time                   time               64    40                                                    
  depth                        int                32    'd2                                                   
  parent sequence (name)       string             14    yapp_5_packets                                        
  parent sequence (full name)  string             54    uvm_test_top.tb.yapp.tx_agent.sequencer.yapp_5_packets
  sequencer                    string             39    uvm_test_top.tb.yapp.tx_agent.sequencer               
--------------------------------------------------------------------------------------------------------------

UVM_INFO ../sv/yapp_tx_seqs.sv(51) @ 50: uvm_test_top.tb.yapp.tx_agent.sequencer@@yapp_5_packets [yapp_5_packets] drop objection
UVM_INFO /software/commercial/cadence/XCELIUM2209/tools/methodology/UVM/CDNS-1.1d/sv/src/base/uvm_objection.svh(1268) @ 50: reporter [TEST_DONE] 'run' phase is ready to proceed to the 'extract' phase

--- UVM Report catcher Summary ---


Number of demoted UVM_FATAL reports  :    0
Number of demoted UVM_ERROR reports  :    0
Number of demoted UVM_WARNING reports:    0
Number of caught UVM_FATAL reports   :    0
Number of caught UVM_ERROR reports   :    0
Number of caught UVM_WARNING reports :    0

--- UVM Report Summary ---

** Report counts by severity
UVM_INFO :   20
UVM_WARNING :    0
UVM_ERROR :    0
UVM_FATAL :    0
** Report counts by id
[MSG]     1
[RNTST]     1
[TEST_DONE]     1
[UVMTOP]     1
[router_tb]     1
[short_packet_test]     1
[yapp_5_packets]     3
[yapp_env]     1
[yapp_tx_agent]     1
[yapp_tx_driver]     6
[yapp_tx_monitor]     2
[yapp_tx_sequencer]     1
Simulation complete via $finish(1) at time 50 NS + 49
/software/commercial/cadence/XCELIUM2209/tools/methodology/UVM/CDNS-1.1d/sv/src/base/uvm_root.svh:457     $finish;
xcelium> exit
TOOL:	xrun(64)	22.09-s010: Exiting on Mar 20, 2025 at 19:20:34 EDT  (total: 00:00:06)
