xrun(64): 22.09-s010: (c) Copyright 1995-2023 Cadence Design Systems, Inc.
TOOL:	xrun(64)	22.09-s010: Started on Mar 20, 2025 at 22:25:24 EDT
xrun
	-f run.f
		-64
		-uvmhome /software/commercial/cadence/XCELIUM2209/tools/methodology/UVM/CDNS-1.1d
		-incdir ../sv
		+UVM_VERBOSITY=UVM_FULL
		+UVM_TESTNAME=incr_payload_test
		../sv/yapp_pkg.sv
		top.sv

   User defined plus("+") options:
	+UVM_VERBOSITY=UVM_FULL

Recompiling... reason: checksum check failure for module worklib.top:sv (VST).
Compiling UVM packages (uvm_pkg.sv cdns_uvm_pkg.sv) using uvmhome location /software/commercial/cadence/XCELIUM2209/tools/methodology/UVM/CDNS-1.1d
file: ../sv/yapp_pkg.sv
endclass : yapp_repreat_addr_seq
                               |
xmvlog: *W,LBLMAT (../sv/yapp_tx_seqs.sv,153|31): Label/name mismatch: yapp_repeat_addr_seq - yapp_repreat_addr_seq.
(`include file: ../sv/yapp_tx_seqs.sv line 153, file: ../sv/yapp_pkg.sv line 12)
package yapp_pkg;
               |
xmvlog: *W,TSNSPK (../sv/yapp_pkg.sv,5|15): `timescale is not specified for the package.  The default timescale of 1ns/1ns will be assumed for this package.
	package worklib.yapp_pkg:sv
		errors: 0, warnings: 2
file: top.sv
	module worklib.top:sv
		errors: 0, warnings: 0
		Caching library 'worklib' ....... Done
	Elaborating the design hierarchy:
	Top level design units:
		uvm_pkg
		cdns_uvmapi
		cdns_assert2uvm_pkg
		cdns_uvm_pkg
		yapp_pkg
		top
xmelab: *W,DSEMEL: This SystemVerilog design will be simulated as per IEEE 1800-2009 SystemVerilog simulation semantics. Use -disable_sem2009 option for turning off SV 2009 simulation semantics.
	Building instance overlay tables: .................... Done
	Generating native compiled code:
		worklib.top:sv <0x1ca68ee7>
			streams: 125, words: 82048
		worklib.yapp_pkg:sv <0x3b0ffc3c>
			streams: 585, words: 646796
	Building instance specific data structures.
	Loading native compiled code:     .................... Done
	Design hierarchy summary:
		                       Instances  Unique
		Modules:                       1       1
		Verilog packages:              5       5
		Registers:                 14101   10388
		Named events:                  4      12
		Initial blocks:              313     165
		Parallel blocks:              26      27
		Assertions:                    2       2
		SV Class declarations:       209     323
		SV Class specializations:    398     398
	Writing initial simulation snapshot: worklib.top:sv
Loading snapshot worklib.top:sv .................... Done
SVSEED default: 1
xmsim: *W,DSEM2009: This SystemVerilog design is simulated as per IEEE 1800-2009 SystemVerilog simulation semantics. Use -disable_sem2009 option for turning off SV 2009 simulation semantics.
xcelium> source /software/commercial/cadence/XCELIUM2209/tools/xcelium/files/xmsimrc
xcelium> source /software/commercial/cadence/XCELIUM2209/tools/methodology/UVM/CDNS-1.1d/additions/sv/files/tcl/uvm_sim.tcl
xcelium> run
----------------------------------------------------------------
CDNS-UVM-1.1d (22.09-s010)
(C) 2007-2013 Mentor Graphics Corporation
(C) 2007-2013 Cadence Design Systems, Inc.
(C) 2006-2013 Synopsys, Inc.
(C) 2011-2013 Cypress Semiconductor Corp.
----------------------------------------------------------------

  ***********       IMPORTANT RELEASE NOTES         ************

  You are using a version of the UVM library that has been compiled
  with `UVM_NO_DEPRECATED undefined.
  See http://www.eda.org/svdb/view.php?id=3313 for more details.

  You are using a version of the UVM library that has been compiled
  with `UVM_OBJECT_MUST_HAVE_CONSTRUCTOR undefined.
  See http://www.eda.org/svdb/view.php?id=3770 for more details.

      (Specify +UVM_NO_RELNOTES to turn off this notice)

UVM_INFO @ 0: reporter [RNTST] Running test incr_payload_test...
UVM_INFO router_tb.sv(16) @ 0: uvm_test_top.tb [MSG] In the build phase
UVM_INFO @ 0: reporter [UVMTOP] UVM testbench topology:
-----------------------------------------------------------------------
Name                          Type                     Size  Value     
-----------------------------------------------------------------------
uvm_test_top                  incr_payload_test        -     @2606     
  tb                          router_tb                -     @2696     
    yapp                      yapp_env                 -     @2643     
      tx_agent                yapp_tx_agent            -     @2761     
        driver                yapp_tx_driver           -     @3417     
          rsp_port            uvm_analysis_port        -     @3568     
            recording_detail  integral                 32    'd1       
          seq_item_port       uvm_seq_item_pull_port   -     @3519     
            recording_detail  integral                 32    'd1       
          recording_detail    integral                 32    'd1       
        monitor               yapp_tx_monitor          -     @2793     
          recording_detail    integral                 32    'd1       
        sequencer             yapp_tx_sequencer        -     @2791     
          rsp_export          uvm_analysis_export      -     @2888     
            recording_detail  integral                 32    'd1       
          seq_item_export     uvm_seq_item_pull_imp    -     @3438     
            recording_detail  integral                 32    'd1       
          recording_detail    integral                 32    'd1       
          arbitration_queue   array                    0     -         
          lock_queue          array                    0     -         
          num_last_reqs       integral                 32    'd1       
          num_last_rsps       integral                 32    'd1       
        is_active             uvm_active_passive_enum  1     UVM_ACTIVE
        recording_detail      integral                 32    'd1       
      recording_detail        integral                 32    'd1       
    recording_detail          integral                 32    'd1       
-----------------------------------------------------------------------

UVM_INFO ../sv/yapp_tx_driver.sv(15) @ 0: uvm_test_top.tb.yapp.tx_agent.driver [yapp_tx_driver] 
start of simulation for uvm_test_top.tb.yapp.tx_agent.driver
UVM_INFO ../sv/yapp_tx_monitor.sv(15) @ 0: uvm_test_top.tb.yapp.tx_agent.monitor [yapp_tx_monitor] 
start of simulation for uvm_test_top.tb.yapp.tx_agent.monitor
UVM_INFO ../sv/yapp_tx_sequencer.sv(14) @ 0: uvm_test_top.tb.yapp.tx_agent.sequencer [yapp_tx_sequencer] start of simulation for uvm_test_top.tb.yapp.tx_agent.sequencer
UVM_INFO ../sv/yapp_tx_agent.sv(34) @ 0: uvm_test_top.tb.yapp.tx_agent [yapp_tx_agent] 
start of simulation for uvm_test_top.tb.yapp.tx_agent
UVM_INFO ../sv/yapp_env.sv(20) @ 0: uvm_test_top.tb.yapp [yapp_env] 
start of simulation for uvm_test_top.tb.yapp
UVM_INFO router_tb.sv(22) @ 0: uvm_test_top.tb [router_tb] 
start of simulation for uvm_test_top.tb
UVM_INFO router_test_lib.sv(30) @ 0: uvm_test_top [incr_payload_test] 
start of simulation for uvm_test_top
UVM_INFO /software/commercial/cadence/XCELIUM2209/tools/methodology/UVM/CDNS-1.1d/sv/src/seq/uvm_sequencer_base.svh(1391) @ 0: uvm_test_top.tb.yapp.tx_agent.sequencer [PHASESEQ] Starting default sequence 'yapp_incr_payload_seq' for phase 'run'
SDI/Verilog Transaction Recording Facility Version 22.09-s010
UVM_INFO ../sv/yapp_tx_monitor.sv(19) @ 0: uvm_test_top.tb.yapp.tx_agent.monitor [yapp_tx_monitor] 
Inside the monitor

UVM_INFO ../sv/yapp_tx_seqs.sv(37) @ 0: uvm_test_top.tb.yapp.tx_agent.sequencer@@yapp_incr_payload_seq [yapp_incr_payload_seq] raise objection
UVM_INFO ../sv/yapp_tx_seqs.sv(165) @ 0: uvm_test_top.tb.yapp.tx_agent.sequencer@@yapp_incr_payload_seq [yapp_incr_payload_seq] 
Executing yapp_inncr_payload_seq

UVM_INFO /software/commercial/cadence/XCELIUM2209/tools/methodology/UVM/CDNS-1.1d/sv/src/seq/uvm_sequencer_base.svh(1385) @ 0: uvm_test_top.tb.yapp.tx_agent.sequencer [PHASESEQ] No default phase sequence for phase 'pre_reset'
UVM_INFO ../sv/yapp_tx_driver.sv(27) @ 0: uvm_test_top.tb.yapp.tx_agent.driver [yapp_tx_driver] 
Input packet to send:
---------------------------------------------------------------------------------------------------------------------
Name                           Type               Size  Value                                                        
---------------------------------------------------------------------------------------------------------------------
req                            short_yapp_packet  -     @3664                                                        
  length                       integral           6     'h4                                                          
  addr                         integral           2     'h1                                                          
  payload                      da(integral)       4     -                                                            
    [0]                        integral           8     'h0                                                          
    [1]                        integral           8     'h1                                                          
    [2]                        integral           8     'h2                                                          
    [3]                        integral           8     'h3                                                          
  parity                       integral           8     'h12                                                         
  parity_type                  parity_t           1     BAD_PARITY                                                   
  packet_delay                 integral           32    'd6                                                          
  begin_time                   time               64    0                                                            
  depth                        int                32    'd2                                                          
  parent sequence (name)       string             21    yapp_incr_payload_seq                                        
  parent sequence (full name)  string             61    uvm_test_top.tb.yapp.tx_agent.sequencer.yapp_incr_payload_seq
  sequencer                    string             39    uvm_test_top.tb.yapp.tx_agent.sequencer                      
---------------------------------------------------------------------------------------------------------------------

UVM_INFO /software/commercial/cadence/XCELIUM2209/tools/methodology/UVM/CDNS-1.1d/sv/src/seq/uvm_sequencer_base.svh(1385) @ 0: uvm_test_top.tb.yapp.tx_agent.sequencer [PHASESEQ] No default phase sequence for phase 'reset'
UVM_INFO /software/commercial/cadence/XCELIUM2209/tools/methodology/UVM/CDNS-1.1d/sv/src/seq/uvm_sequencer_base.svh(1385) @ 0: uvm_test_top.tb.yapp.tx_agent.sequencer [PHASESEQ] No default phase sequence for phase 'post_reset'
UVM_INFO /software/commercial/cadence/XCELIUM2209/tools/methodology/UVM/CDNS-1.1d/sv/src/seq/uvm_sequencer_base.svh(1385) @ 0: uvm_test_top.tb.yapp.tx_agent.sequencer [PHASESEQ] No default phase sequence for phase 'pre_configure'
UVM_INFO /software/commercial/cadence/XCELIUM2209/tools/methodology/UVM/CDNS-1.1d/sv/src/seq/uvm_sequencer_base.svh(1385) @ 0: uvm_test_top.tb.yapp.tx_agent.sequencer [PHASESEQ] No default phase sequence for phase 'configure'
UVM_INFO /software/commercial/cadence/XCELIUM2209/tools/methodology/UVM/CDNS-1.1d/sv/src/seq/uvm_sequencer_base.svh(1385) @ 0: uvm_test_top.tb.yapp.tx_agent.sequencer [PHASESEQ] No default phase sequence for phase 'post_configure'
UVM_INFO /software/commercial/cadence/XCELIUM2209/tools/methodology/UVM/CDNS-1.1d/sv/src/seq/uvm_sequencer_base.svh(1385) @ 0: uvm_test_top.tb.yapp.tx_agent.sequencer [PHASESEQ] No default phase sequence for phase 'pre_main'
UVM_INFO /software/commercial/cadence/XCELIUM2209/tools/methodology/UVM/CDNS-1.1d/sv/src/seq/uvm_sequencer_base.svh(1385) @ 0: uvm_test_top.tb.yapp.tx_agent.sequencer [PHASESEQ] No default phase sequence for phase 'main'
UVM_INFO /software/commercial/cadence/XCELIUM2209/tools/methodology/UVM/CDNS-1.1d/sv/src/seq/uvm_sequencer_base.svh(1385) @ 0: uvm_test_top.tb.yapp.tx_agent.sequencer [PHASESEQ] No default phase sequence for phase 'post_main'
UVM_INFO /software/commercial/cadence/XCELIUM2209/tools/methodology/UVM/CDNS-1.1d/sv/src/seq/uvm_sequencer_base.svh(1385) @ 0: uvm_test_top.tb.yapp.tx_agent.sequencer [PHASESEQ] No default phase sequence for phase 'pre_shutdown'
UVM_INFO /software/commercial/cadence/XCELIUM2209/tools/methodology/UVM/CDNS-1.1d/sv/src/seq/uvm_sequencer_base.svh(1385) @ 0: uvm_test_top.tb.yapp.tx_agent.sequencer [PHASESEQ] No default phase sequence for phase 'shutdown'
UVM_INFO /software/commercial/cadence/XCELIUM2209/tools/methodology/UVM/CDNS-1.1d/sv/src/seq/uvm_sequencer_base.svh(1385) @ 0: uvm_test_top.tb.yapp.tx_agent.sequencer [PHASESEQ] No default phase sequence for phase 'post_shutdown'
UVM_INFO ../sv/yapp_tx_seqs.sv(51) @ 10: uvm_test_top.tb.yapp.tx_agent.sequencer@@yapp_incr_payload_seq [yapp_incr_payload_seq] drop objection
UVM_INFO /software/commercial/cadence/XCELIUM2209/tools/methodology/UVM/CDNS-1.1d/sv/src/base/uvm_objection.svh(1245) @ 10: reporter [TEST_DONE] All end-of-test objections have been dropped. Calling stop tasks
UVM_INFO /software/commercial/cadence/XCELIUM2209/tools/methodology/UVM/CDNS-1.1d/sv/src/base/uvm_objection.svh(1268) @ 10: reporter [TEST_DONE] 'run' phase is ready to proceed to the 'extract' phase

--- UVM Report catcher Summary ---


Number of demoted UVM_FATAL reports  :    0
Number of demoted UVM_ERROR reports  :    0
Number of demoted UVM_WARNING reports:    0
Number of caught UVM_FATAL reports   :    0
Number of caught UVM_ERROR reports   :    0
Number of caught UVM_WARNING reports :    0

--- UVM Report Summary ---

** Report counts by severity
UVM_INFO :   30
UVM_WARNING :    0
UVM_ERROR :    0
UVM_FATAL :    0
** Report counts by id
[MSG]     1
[PHASESEQ]    13
[RNTST]     1
[TEST_DONE]     2
[UVMTOP]     1
[incr_payload_test]     1
[router_tb]     1
[yapp_env]     1
[yapp_incr_payload_seq]     3
[yapp_tx_agent]     1
[yapp_tx_driver]     2
[yapp_tx_monitor]     2
[yapp_tx_sequencer]     1
Simulation complete via $finish(1) at time 10 NS + 49
/software/commercial/cadence/XCELIUM2209/tools/methodology/UVM/CDNS-1.1d/sv/src/base/uvm_root.svh:457     $finish;
xcelium> exit
TOOL:	xrun(64)	22.09-s010: Exiting on Mar 20, 2025 at 22:25:32 EDT  (total: 00:00:08)
