System Information:
  OS Dist. Name:         Rocky Linux release 8.8 (Green Obsidian)
  Kernel Version:        Linux node1677.palmetto.clemson.edu 4.18.0-477.27.1.el8_8.x86_64 #1 SMP Wed Sep 20 15:55:39 UTC 2023 x86_64
  Host Name:             node1677.palmetto.clemson.edu
  Timestamp:             2025-03-04 17:52:43.676723
  mce Version:           22.09-s010.493970
  Report File Level:     REPORT_LEVEL_HIGH (3)
  Report Screen Level:   REPORT_LEVEL_NONE (0)

Started CPU time : 21.0842 sec

Stage                                                Mem process Mem Stage   Mem Total   Mem Peak    CPU Time    User Time   Total (C)   Total (U)   Time       
=====                                                ==========  =========   =========   =========   =========   =========   =========   =========   =========  

netlist_phase                                                                                                                                        17:53:03
. Load Codegen and Codegen-asm DBs ................. 1.05   MB   1.05   MB   164.22 MB   178.57 MB           0           0           0           1   17:53:04      
. Splitting                                                                                                                                          17:53:04
. . Do graph ....................................... 32.03  MB   31.24  MB   195.20 MB   195.20 MB           1           1           1           2   17:53:05      
. . Save InterConnect CommID chain map ............. 32.03  MB   0      KB   195.20 MB   195.20 MB           0           0           1           2   17:53:05      
. . Execute splitting .............................. 32.03  MB   0      KB   195.20 MB   195.20 MB           0           0           1           2   17:53:05      
. . Get splits ..................................... 34.79  MB   2.77   MB   197.96 MB   199.54 MB           0           0           1           2   17:53:05      
. . Clear graph .................................... 31.83  MB   -2.96  MB   195.00 MB   199.54 MB           0           0           1           2   17:53:05      
. . Release memory ................................. 4.36   MB   -27.46 MB   167.53 MB   199.54 MB           0           0           1           2   17:53:05      
. Splitting ........................................ 4.36   MB   3.82   MB   167.53 MB   199.54 MB           1           2           1           2   17:53:05 1 splits
. Compute intersplit vars .......................... 4.36   MB   0      KB   167.53 MB   199.54 MB           0           0           1           2   17:53:05 0 intersplit vars
. Load ByteCodeTemplateDB .......................... 4.36   MB   0      KB   167.53 MB   199.54 MB           0           0           1           2   17:53:05      
. Create and save split databases
. . Create and save split 0
. . . Create pes and vars .......................... 88.27  MB   88.27  MB   255.80 MB   255.80 MB           2           2           2           2   17:53:07      
. . . Save the split database ...................... 182.09 MB   93.82  MB   349.62 MB   349.62 MB           2           2           3           3   17:53:09      
. . Create and save split 0 ........................ 17.54  MB   17.54  MB   185.07 MB   349.62 MB           4           4           4           4   17:53:09      
. Create and save split databases .................. 21.90  MB   17.54  MB   185.07 MB   349.62 MB           4           4           4           6   17:53:09      
. Save intersplit db ............................... 21.90  MB   0      KB   185.07 MB   349.62 MB           0           0           4           6   17:53:09      
. Save stub DBs .................................... 21.90  MB   0      KB   185.07 MB   349.62 MB           0           0           4           6   17:53:09      
netlist_phase ...................................... 19.56  MB   19.56  MB   182.73 MB   349.62 MB           4           6           4           6   17:53:09      
acc_done                                                                                                                                             17:53:09
. create names db .................................. 26.70  MB   0      KB   189.87 MB   349.62 MB           0           0           4           6   17:53:09      
acc_done ........................................... 26.70  MB   0      KB   189.87 MB   349.62 MB           0           0           4           6   17:53:09      